2025-04-07T03:23:17.181Z [sequelize-project] info: LOG ma'lumotlari
2025-04-07T03:23:17.183Z [sequelize-project] error: ERROR ma'lumotlari
2025-04-07T03:23:17.183Z [sequelize-project] warn: WARN ma'lumotlari
2025-04-07T03:23:17.183Z [sequelize-project] info: INFO ma'lumotlari
2025-04-07T04:42:29.738Z [sequelize-project] info: LOG ma'lumotlari
2025-04-07T04:42:29.741Z [sequelize-project] error: ERROR ma'lumotlari
2025-04-07T04:42:29.743Z [sequelize-project] warn: WARN ma'lumotlari
2025-04-07T04:42:29.743Z [sequelize-project] info: INFO ma'lumotlari
2025-04-07T04:42:30.932Z [sequelize-project] info: LOG ma'lumotlari
2025-04-07T04:42:30.936Z [sequelize-project] error: ERROR ma'lumotlari
2025-04-07T04:42:30.937Z [sequelize-project] warn: WARN ma'lumotlari
2025-04-07T04:42:30.938Z [sequelize-project] info: INFO ma'lumotlari
2025-04-07T04:48:46.823Z [sequelize-project] info: LOG ma'lumotlari
2025-04-07T04:48:46.828Z [sequelize-project] error: ERROR ma'lumotlari
2025-04-07T04:48:46.829Z [sequelize-project] warn: WARN ma'lumotlari
2025-04-07T04:48:46.829Z [sequelize-project] info: INFO ma'lumotlari
2025-04-07T04:49:05.891Z [sequelize-project] info: LOG ma'lumotlari
2025-04-07T04:49:05.896Z [sequelize-project] error: ERROR ma'lumotlari
2025-04-07T04:49:05.898Z [sequelize-project] warn: WARN ma'lumotlari
2025-04-07T04:49:05.898Z [sequelize-project] info: INFO ma'lumotlari
2025-04-07T04:49:08.715Z [sequelize-project] info: LOG ma'lumotlari
2025-04-07T04:49:08.718Z [sequelize-project] error: ERROR ma'lumotlari
2025-04-07T04:49:08.719Z [sequelize-project] warn: WARN ma'lumotlari
2025-04-07T04:49:08.719Z [sequelize-project] info: INFO ma'lumotlari
2025-04-07T04:49:10.781Z [sequelize-project] info: LOG ma'lumotlari
2025-04-07T04:49:10.783Z [sequelize-project] error: ERROR ma'lumotlari
2025-04-07T04:49:10.784Z [sequelize-project] warn: WARN ma'lumotlari
2025-04-07T04:49:10.785Z [sequelize-project] info: INFO ma'lumotlari
2025-04-07T04:49:14.038Z [sequelize-project] info: LOG ma'lumotlari
2025-04-07T04:49:14.041Z [sequelize-project] error: ERROR ma'lumotlari
2025-04-07T04:49:14.042Z [sequelize-project] warn: WARN ma'lumotlari
2025-04-07T04:49:14.042Z [sequelize-project] info: INFO ma'lumotlari
2025-04-07T04:49:28.312Z [sequelize-project] info: LOG ma'lumotlari
2025-04-07T04:49:28.315Z [sequelize-project] error: ERROR ma'lumotlari
2025-04-07T04:49:28.316Z [sequelize-project] warn: WARN ma'lumotlari
2025-04-07T04:49:28.316Z [sequelize-project] info: INFO ma'lumotlari
2025-04-07T04:49:57.126Z [sequelize-project] info: LOG ma'lumotlari
2025-04-07T04:49:57.128Z [sequelize-project] error: ERROR ma'lumotlari
2025-04-07T04:49:57.128Z [sequelize-project] warn: WARN ma'lumotlari
2025-04-07T04:49:57.128Z [sequelize-project] info: INFO ma'lumotlari
2025-04-07T04:49:58.205Z [sequelize-project] info: LOG ma'lumotlari
2025-04-07T04:49:58.209Z [sequelize-project] error: ERROR ma'lumotlari
2025-04-07T04:49:58.210Z [sequelize-project] warn: WARN ma'lumotlari
2025-04-07T04:49:58.210Z [sequelize-project] info: INFO ma'lumotlari
2025-04-07T04:50:17.360Z [sequelize-project] info: LOG ma'lumotlari
2025-04-07T04:50:17.362Z [sequelize-project] error: ERROR ma'lumotlari
2025-04-07T04:50:17.363Z [sequelize-project] warn: WARN ma'lumotlari
2025-04-07T04:50:17.363Z [sequelize-project] info: INFO ma'lumotlari
2025-04-07T04:50:32.615Z [sequelize-project] info: LOG ma'lumotlari
2025-04-07T04:50:32.618Z [sequelize-project] error: ERROR ma'lumotlari
2025-04-07T04:50:32.619Z [sequelize-project] warn: WARN ma'lumotlari
2025-04-07T04:50:32.619Z [sequelize-project] info: INFO ma'lumotlari
2025-04-07T04:50:35.742Z [sequelize-project] info: LOG ma'lumotlari
2025-04-07T04:50:35.745Z [sequelize-project] error: ERROR ma'lumotlari
2025-04-07T04:50:35.745Z [sequelize-project] warn: WARN ma'lumotlari
2025-04-07T04:50:35.746Z [sequelize-project] info: INFO ma'lumotlari
2025-04-07T04:50:40.885Z [sequelize-project] info: LOG ma'lumotlari
2025-04-07T04:50:40.888Z [sequelize-project] error: ERROR ma'lumotlari
2025-04-07T04:50:40.889Z [sequelize-project] warn: WARN ma'lumotlari
2025-04-07T04:50:40.889Z [sequelize-project] info: INFO ma'lumotlari
2025-04-07T04:51:55.336Z [sequelize-project] info: LOG ma'lumotlari
2025-04-07T04:51:55.339Z [sequelize-project] error: ERROR ma'lumotlari
2025-04-07T04:51:55.339Z [sequelize-project] warn: WARN ma'lumotlari
2025-04-07T04:51:55.340Z [sequelize-project] info: INFO ma'lumotlari
2025-04-07T04:58:26.285Z [sequelize-project] info: LOG ma'lumotlari
2025-04-07T04:58:26.288Z [sequelize-project] error: ERROR ma'lumotlari
2025-04-07T04:58:26.289Z [sequelize-project] warn: WARN ma'lumotlari
2025-04-07T04:58:26.289Z [sequelize-project] info: INFO ma'lumotlari
2025-04-07T05:41:14.407Z [sequelize-project] info: LOG ma'lumotlari
2025-04-07T05:41:14.419Z [sequelize-project] error: ERROR ma'lumotlari
2025-04-07T05:41:14.421Z [sequelize-project] warn: WARN ma'lumotlari
2025-04-07T05:41:14.421Z [sequelize-project] info: INFO ma'lumotlari
2025-04-07T05:41:15.403Z [sequelize-project] info: LOG ma'lumotlari
2025-04-07T05:41:15.406Z [sequelize-project] error: ERROR ma'lumotlari
2025-04-07T05:41:15.407Z [sequelize-project] warn: WARN ma'lumotlari
2025-04-07T05:41:15.407Z [sequelize-project] info: INFO ma'lumotlari
2025-04-07T05:54:04.334Z [sequelize-project] info: LOG ma'lumotlari
2025-04-07T05:54:04.336Z [sequelize-project] error: ERROR ma'lumotlari
2025-04-07T05:54:04.337Z [sequelize-project] warn: WARN ma'lumotlari
2025-04-07T05:54:04.337Z [sequelize-project] info: INFO ma'lumotlari
2025-04-07T05:54:05.297Z [sequelize-project] info: LOG ma'lumotlari
2025-04-07T05:54:05.300Z [sequelize-project] error: ERROR ma'lumotlari
2025-04-07T05:54:05.301Z [sequelize-project] warn: WARN ma'lumotlari
2025-04-07T05:54:05.301Z [sequelize-project] info: INFO ma'lumotlari
2025-04-07T06:49:24.683Z [sequelize-project] info: LOG ma'lumotlari
2025-04-07T06:49:24.711Z [sequelize-project] error: ERROR ma'lumotlari
2025-04-07T06:49:24.712Z [sequelize-project] warn: WARN ma'lumotlari
2025-04-07T06:49:24.712Z [sequelize-project] info: INFO ma'lumotlari
2025-04-07T06:49:25.820Z [sequelize-project] info: LOG ma'lumotlari
2025-04-07T06:49:25.822Z [sequelize-project] error: ERROR ma'lumotlari
2025-04-07T06:49:25.823Z [sequelize-project] warn: WARN ma'lumotlari
2025-04-07T06:49:25.823Z [sequelize-project] info: INFO ma'lumotlari
2025-04-07T06:50:10.941Z [sequelize-project] info: LOG ma'lumotlari
2025-04-07T06:50:10.944Z [sequelize-project] error: ERROR ma'lumotlari
2025-04-07T06:50:10.945Z [sequelize-project] warn: WARN ma'lumotlari
2025-04-07T06:50:10.945Z [sequelize-project] info: INFO ma'lumotlari
2025-04-07T06:50:15.249Z [sequelize-project] info: LOG ma'lumotlari
2025-04-07T06:50:15.251Z [sequelize-project] error: ERROR ma'lumotlari
2025-04-07T06:50:15.252Z [sequelize-project] warn: WARN ma'lumotlari
2025-04-07T06:50:15.252Z [sequelize-project] info: INFO ma'lumotlari
2025-04-07T06:50:37.588Z [sequelize-project] info: LOG ma'lumotlari
2025-04-07T06:50:37.592Z [sequelize-project] error: ERROR ma'lumotlari
2025-04-07T06:50:37.592Z [sequelize-project] warn: WARN ma'lumotlari
2025-04-07T06:50:37.592Z [sequelize-project] info: INFO ma'lumotlari
2025-04-07T06:50:42.198Z [sequelize-project] info: LOG ma'lumotlari
2025-04-07T06:50:42.200Z [sequelize-project] error: ERROR ma'lumotlari
2025-04-07T06:50:42.200Z [sequelize-project] warn: WARN ma'lumotlari
2025-04-07T06:50:42.200Z [sequelize-project] info: INFO ma'lumotlari
2025-04-07T06:51:37.939Z [sequelize-project] info: LOG ma'lumotlari
2025-04-07T06:51:37.942Z [sequelize-project] error: ERROR ma'lumotlari
2025-04-07T06:51:37.942Z [sequelize-project] warn: WARN ma'lumotlari
2025-04-07T06:51:37.942Z [sequelize-project] info: INFO ma'lumotlari
2025-04-07T06:51:39.055Z [sequelize-project] info: LOG ma'lumotlari
2025-04-07T06:51:39.060Z [sequelize-project] error: ERROR ma'lumotlari
2025-04-07T06:51:39.061Z [sequelize-project] warn: WARN ma'lumotlari
2025-04-07T06:51:39.062Z [sequelize-project] info: INFO ma'lumotlari
2025-04-07T06:51:44.691Z [sequelize-project] info: LOG ma'lumotlari
2025-04-07T06:51:44.694Z [sequelize-project] error: ERROR ma'lumotlari
2025-04-07T06:51:44.694Z [sequelize-project] warn: WARN ma'lumotlari
2025-04-07T06:51:44.694Z [sequelize-project] info: INFO ma'lumotlari
2025-04-07T06:56:30.151Z [sequelize-project] info: LOG ma'lumotlari
2025-04-07T06:56:30.154Z [sequelize-project] error: ERROR ma'lumotlari
2025-04-07T06:56:30.155Z [sequelize-project] warn: WARN ma'lumotlari
2025-04-07T06:56:30.155Z [sequelize-project] info: INFO ma'lumotlari
2025-04-07T06:56:31.287Z [sequelize-project] info: LOG ma'lumotlari
2025-04-07T06:56:31.290Z [sequelize-project] error: ERROR ma'lumotlari
2025-04-07T06:56:31.290Z [sequelize-project] warn: WARN ma'lumotlari
2025-04-07T06:56:31.290Z [sequelize-project] info: INFO ma'lumotlari
2025-04-07T06:58:27.715Z [sequelize-project] info: LOG ma'lumotlari
2025-04-07T06:58:27.719Z [sequelize-project] error: ERROR ma'lumotlari
2025-04-07T06:58:27.719Z [sequelize-project] warn: WARN ma'lumotlari
2025-04-07T06:58:27.719Z [sequelize-project] info: INFO ma'lumotlari
2025-04-07T06:59:04.909Z [sequelize-project] info: LOG ma'lumotlari
2025-04-07T06:59:04.912Z [sequelize-project] error: ERROR ma'lumotlari
2025-04-07T06:59:04.913Z [sequelize-project] warn: WARN ma'lumotlari
2025-04-07T06:59:04.913Z [sequelize-project] info: INFO ma'lumotlari
2025-04-07T06:59:12.025Z [sequelize-project] error: Newadmin is not defined
2025-04-07T06:59:41.506Z [sequelize-project] info: LOG ma'lumotlari
2025-04-07T06:59:41.508Z [sequelize-project] error: ERROR ma'lumotlari
2025-04-07T06:59:41.509Z [sequelize-project] warn: WARN ma'lumotlari
2025-04-07T06:59:41.509Z [sequelize-project] info: INFO ma'lumotlari
2025-04-07T07:00:22.756Z [sequelize-project] error: Invalid login: 535-5.7.8 Username and Password not accepted. For more information, go to
535 5.7.8  https://support.google.com/mail/?p=BadCredentials 4fb4d7f45d1cf-5f087f08abasm6540762a12.40 - gsmtp
2025-04-07T07:04:05.068Z [sequelize-project] error: Invalid login: 535-5.7.8 Username and Password not accepted. For more information, go to
535 5.7.8  https://support.google.com/mail/?p=BadCredentials a640c23a62f3a-ac7bfe5c5c5sm691107266b.29 - gsmtp
2025-04-07T07:25:47.573Z [sequelize-project] info: LOG ma'lumotlari
2025-04-07T07:25:47.576Z [sequelize-project] error: ERROR ma'lumotlari
2025-04-07T07:25:47.576Z [sequelize-project] warn: WARN ma'lumotlari
2025-04-07T07:25:47.576Z [sequelize-project] info: INFO ma'lumotlari
2025-04-07T07:26:28.427Z [sequelize-project] info: LOG ma'lumotlari
2025-04-07T07:26:28.430Z [sequelize-project] error: ERROR ma'lumotlari
2025-04-07T07:26:28.431Z [sequelize-project] warn: WARN ma'lumotlari
2025-04-07T07:26:28.431Z [sequelize-project] info: INFO ma'lumotlari
2025-04-07T07:26:30.136Z [sequelize-project] info: LOG ma'lumotlari
2025-04-07T07:26:30.138Z [sequelize-project] error: ERROR ma'lumotlari
2025-04-07T07:26:30.139Z [sequelize-project] warn: WARN ma'lumotlari
2025-04-07T07:26:30.139Z [sequelize-project] info: INFO ma'lumotlari
2025-04-07T07:31:15.992Z [sequelize-project] info: LOG ma'lumotlari
2025-04-07T07:31:16.012Z [sequelize-project] error: ERROR ma'lumotlari
2025-04-07T07:31:16.013Z [sequelize-project] warn: WARN ma'lumotlari
2025-04-07T07:31:16.013Z [sequelize-project] info: INFO ma'lumotlari
2025-04-07T07:31:18.795Z [sequelize-project] info: LOG ma'lumotlari
2025-04-07T07:31:18.798Z [sequelize-project] error: ERROR ma'lumotlari
2025-04-07T07:31:18.798Z [sequelize-project] warn: WARN ma'lumotlari
2025-04-07T07:31:18.799Z [sequelize-project] info: INFO ma'lumotlari
2025-04-07T07:34:24.020Z [sequelize-project] info: LOG ma'lumotlari
2025-04-07T07:34:24.024Z [sequelize-project] error: ERROR ma'lumotlari
2025-04-07T07:34:24.025Z [sequelize-project] warn: WARN ma'lumotlari
2025-04-07T07:34:24.025Z [sequelize-project] info: INFO ma'lumotlari
2025-04-07T07:37:25.843Z [sequelize-project] info: LOG ma'lumotlari
2025-04-07T07:37:25.846Z [sequelize-project] error: ERROR ma'lumotlari
2025-04-07T07:37:25.847Z [sequelize-project] warn: WARN ma'lumotlari
2025-04-07T07:37:25.847Z [sequelize-project] info: INFO ma'lumotlari
2025-04-07T07:37:35.668Z [sequelize-project] info: LOG ma'lumotlari
2025-04-07T07:37:35.671Z [sequelize-project] error: ERROR ma'lumotlari
2025-04-07T07:37:35.672Z [sequelize-project] warn: WARN ma'lumotlari
2025-04-07T07:37:35.672Z [sequelize-project] info: INFO ma'lumotlari
2025-04-07T07:37:38.464Z [sequelize-project] info: LOG ma'lumotlari
2025-04-07T07:37:38.467Z [sequelize-project] error: ERROR ma'lumotlari
2025-04-07T07:37:38.468Z [sequelize-project] warn: WARN ma'lumotlari
2025-04-07T07:37:38.468Z [sequelize-project] info: INFO ma'lumotlari
2025-04-07T07:38:06.734Z [sequelize-project] info: LOG ma'lumotlari
2025-04-07T07:38:06.738Z [sequelize-project] error: ERROR ma'lumotlari
2025-04-07T07:38:06.739Z [sequelize-project] warn: WARN ma'lumotlari
2025-04-07T07:38:06.739Z [sequelize-project] info: INFO ma'lumotlari
2025-04-07T07:38:09.099Z [sequelize-project] info: LOG ma'lumotlari
2025-04-07T07:38:09.103Z [sequelize-project] error: ERROR ma'lumotlari
2025-04-07T07:38:09.104Z [sequelize-project] warn: WARN ma'lumotlari
2025-04-07T07:38:09.104Z [sequelize-project] info: INFO ma'lumotlari
2025-04-07T07:38:12.645Z [sequelize-project] info: LOG ma'lumotlari
2025-04-07T07:38:12.647Z [sequelize-project] error: ERROR ma'lumotlari
2025-04-07T07:38:12.647Z [sequelize-project] warn: WARN ma'lumotlari
2025-04-07T07:38:12.647Z [sequelize-project] info: INFO ma'lumotlari
2025-04-07T07:38:23.418Z [sequelize-project] info: LOG ma'lumotlari
2025-04-07T07:38:23.421Z [sequelize-project] error: ERROR ma'lumotlari
2025-04-07T07:38:23.422Z [sequelize-project] warn: WARN ma'lumotlari
2025-04-07T07:38:23.422Z [sequelize-project] info: INFO ma'lumotlari
2025-04-07T07:38:24.501Z [sequelize-project] info: LOG ma'lumotlari
2025-04-07T07:38:24.504Z [sequelize-project] error: ERROR ma'lumotlari
2025-04-07T07:38:24.504Z [sequelize-project] warn: WARN ma'lumotlari
2025-04-07T07:38:24.504Z [sequelize-project] info: INFO ma'lumotlari
2025-04-07T07:38:47.350Z [sequelize-project] info: LOG ma'lumotlari
2025-04-07T07:38:47.353Z [sequelize-project] error: ERROR ma'lumotlari
2025-04-07T07:38:47.353Z [sequelize-project] warn: WARN ma'lumotlari
2025-04-07T07:38:47.354Z [sequelize-project] info: INFO ma'lumotlari
2025-04-07T07:38:48.411Z [sequelize-project] info: LOG ma'lumotlari
2025-04-07T07:38:48.414Z [sequelize-project] error: ERROR ma'lumotlari
2025-04-07T07:38:48.414Z [sequelize-project] warn: WARN ma'lumotlari
2025-04-07T07:38:48.415Z [sequelize-project] info: INFO ma'lumotlari
2025-04-07T07:39:11.459Z [sequelize-project] info: LOG ma'lumotlari
2025-04-07T07:39:11.462Z [sequelize-project] error: ERROR ma'lumotlari
2025-04-07T07:39:11.463Z [sequelize-project] warn: WARN ma'lumotlari
2025-04-07T07:39:11.463Z [sequelize-project] info: INFO ma'lumotlari
2025-04-07T07:39:31.561Z [sequelize-project] info: LOG ma'lumotlari
2025-04-07T07:39:31.564Z [sequelize-project] error: ERROR ma'lumotlari
2025-04-07T07:39:31.565Z [sequelize-project] warn: WARN ma'lumotlari
2025-04-07T07:39:31.565Z [sequelize-project] info: INFO ma'lumotlari
2025-04-07T07:39:45.757Z [sequelize-project] info: LOG ma'lumotlari
2025-04-07T07:39:45.760Z [sequelize-project] error: ERROR ma'lumotlari
2025-04-07T07:39:45.761Z [sequelize-project] warn: WARN ma'lumotlari
2025-04-07T07:39:45.761Z [sequelize-project] info: INFO ma'lumotlari
2025-04-07T07:39:49.354Z [sequelize-project] info: LOG ma'lumotlari
2025-04-07T07:39:49.357Z [sequelize-project] error: ERROR ma'lumotlari
2025-04-07T07:39:49.357Z [sequelize-project] warn: WARN ma'lumotlari
2025-04-07T07:39:49.358Z [sequelize-project] info: INFO ma'lumotlari
2025-04-07T07:40:05.784Z [sequelize-project] info: LOG ma'lumotlari
2025-04-07T07:40:05.787Z [sequelize-project] error: ERROR ma'lumotlari
2025-04-07T07:40:05.788Z [sequelize-project] warn: WARN ma'lumotlari
2025-04-07T07:40:05.788Z [sequelize-project] info: INFO ma'lumotlari
2025-04-07T07:40:34.752Z [sequelize-project] info: LOG ma'lumotlari
2025-04-07T07:40:34.756Z [sequelize-project] error: ERROR ma'lumotlari
2025-04-07T07:40:34.756Z [sequelize-project] warn: WARN ma'lumotlari
2025-04-07T07:40:34.756Z [sequelize-project] info: INFO ma'lumotlari
2025-04-07T07:42:45.241Z [sequelize-project] info: LOG ma'lumotlari
2025-04-07T07:42:45.244Z [sequelize-project] error: ERROR ma'lumotlari
2025-04-07T07:42:45.245Z [sequelize-project] warn: WARN ma'lumotlari
2025-04-07T07:42:45.245Z [sequelize-project] info: INFO ma'lumotlari
2025-04-07T07:42:46.748Z [sequelize-project] info: LOG ma'lumotlari
2025-04-07T07:42:46.751Z [sequelize-project] error: ERROR ma'lumotlari
2025-04-07T07:42:46.751Z [sequelize-project] warn: WARN ma'lumotlari
2025-04-07T07:42:46.751Z [sequelize-project] info: INFO ma'lumotlari
2025-04-07T07:43:47.079Z [sequelize-project] info: LOG ma'lumotlari
2025-04-07T07:43:47.084Z [sequelize-project] error: ERROR ma'lumotlari
2025-04-07T07:43:47.085Z [sequelize-project] warn: WARN ma'lumotlari
2025-04-07T07:43:47.085Z [sequelize-project] info: INFO ma'lumotlari
2025-04-07T07:43:51.150Z [sequelize-project] info: LOG ma'lumotlari
2025-04-07T07:43:51.153Z [sequelize-project] error: ERROR ma'lumotlari
2025-04-07T07:43:51.154Z [sequelize-project] warn: WARN ma'lumotlari
2025-04-07T07:43:51.154Z [sequelize-project] info: INFO ma'lumotlari
2025-04-07T07:43:55.587Z [sequelize-project] info: LOG ma'lumotlari
2025-04-07T07:43:55.590Z [sequelize-project] error: ERROR ma'lumotlari
2025-04-07T07:43:55.591Z [sequelize-project] warn: WARN ma'lumotlari
2025-04-07T07:43:55.592Z [sequelize-project] info: INFO ma'lumotlari
2025-04-07T10:43:57.269Z [sequelize-project] info: LOG ma'lumotlari
2025-04-07T10:43:57.275Z [sequelize-project] error: ERROR ma'lumotlari
2025-04-07T10:43:57.276Z [sequelize-project] warn: WARN ma'lumotlari
2025-04-07T10:43:57.277Z [sequelize-project] info: INFO ma'lumotlari
2025-04-07T10:43:58.976Z [sequelize-project] info: LOG ma'lumotlari
2025-04-07T10:43:58.979Z [sequelize-project] error: ERROR ma'lumotlari
2025-04-07T10:43:58.980Z [sequelize-project] warn: WARN ma'lumotlari
2025-04-07T10:43:58.980Z [sequelize-project] info: INFO ma'lumotlari
2025-04-07T10:46:38.553Z [sequelize-project] info: LOG ma'lumotlari
2025-04-07T10:46:38.556Z [sequelize-project] error: ERROR ma'lumotlari
2025-04-07T10:46:38.557Z [sequelize-project] warn: WARN ma'lumotlari
2025-04-07T10:46:38.557Z [sequelize-project] info: INFO ma'lumotlari
2025-04-07T10:48:00.514Z [sequelize-project] info: LOG ma'lumotlari
2025-04-07T10:48:00.518Z [sequelize-project] error: ERROR ma'lumotlari
2025-04-07T10:48:00.519Z [sequelize-project] warn: WARN ma'lumotlari
2025-04-07T10:48:00.519Z [sequelize-project] info: INFO ma'lumotlari
2025-04-07T10:50:03.378Z [sequelize-project] error: jwt malformed
2025-04-07T10:52:34.043Z [sequelize-project] error: column clients.activation_link does not exist
2025-04-07T10:54:19.625Z [sequelize-project] info: LOG ma'lumotlari
2025-04-07T10:54:19.627Z [sequelize-project] error: ERROR ma'lumotlari
2025-04-07T10:54:19.628Z [sequelize-project] warn: WARN ma'lumotlari
2025-04-07T10:54:19.628Z [sequelize-project] info: INFO ma'lumotlari
2025-04-07T10:57:33.629Z [sequelize-project] info: LOG ma'lumotlari
2025-04-07T10:57:33.631Z [sequelize-project] error: ERROR ma'lumotlari
2025-04-07T10:57:33.632Z [sequelize-project] warn: WARN ma'lumotlari
2025-04-07T10:57:33.632Z [sequelize-project] info: INFO ma'lumotlari
2025-04-07T11:00:49.966Z [sequelize-project] error: owner is not defined
2025-04-07T11:16:03.885Z [sequelize-project] info: LOG ma'lumotlari
2025-04-07T11:16:03.888Z [sequelize-project] error: ERROR ma'lumotlari
2025-04-07T11:16:03.889Z [sequelize-project] warn: WARN ma'lumotlari
2025-04-07T11:16:03.889Z [sequelize-project] info: INFO ma'lumotlari
2025-04-07T11:16:10.144Z [sequelize-project] info: LOG ma'lumotlari
2025-04-07T11:16:10.148Z [sequelize-project] error: ERROR ma'lumotlari
2025-04-07T11:16:10.149Z [sequelize-project] warn: WARN ma'lumotlari
2025-04-07T11:16:10.149Z [sequelize-project] info: INFO ma'lumotlari
2025-04-07T11:32:22.028Z [sequelize-project] info: LOG ma'lumotlari
2025-04-07T11:32:22.034Z [sequelize-project] error: ERROR ma'lumotlari
2025-04-07T11:32:22.035Z [sequelize-project] warn: WARN ma'lumotlari
2025-04-07T11:32:22.035Z [sequelize-project] info: INFO ma'lumotlari
2025-04-07T11:32:23.318Z [sequelize-project] info: LOG ma'lumotlari
2025-04-07T11:32:23.323Z [sequelize-project] error: ERROR ma'lumotlari
2025-04-07T11:32:23.323Z [sequelize-project] warn: WARN ma'lumotlari
2025-04-07T11:32:23.324Z [sequelize-project] info: INFO ma'lumotlari
2025-04-07T16:38:22.631Z [sequelize-project] info: LOG ma'lumotlari
2025-04-07T16:38:22.633Z [sequelize-project] error: ERROR ma'lumotlari
2025-04-07T16:38:22.634Z [sequelize-project] warn: WARN ma'lumotlari
2025-04-07T16:38:22.634Z [sequelize-project] info: INFO ma'lumotlari
2025-04-07T16:38:23.462Z [sequelize-project] info: LOG ma'lumotlari
2025-04-07T16:38:23.464Z [sequelize-project] error: ERROR ma'lumotlari
2025-04-07T16:38:23.465Z [sequelize-project] warn: WARN ma'lumotlari
2025-04-07T16:38:23.465Z [sequelize-project] info: INFO ma'lumotlari
2025-04-08T02:11:41.678Z [sequelize-project] info: LOG ma'lumotlari
2025-04-08T02:11:41.684Z [sequelize-project] error: ERROR ma'lumotlari
2025-04-08T02:11:41.686Z [sequelize-project] warn: WARN ma'lumotlari
2025-04-08T02:11:41.687Z [sequelize-project] info: INFO ma'lumotlari
2025-04-08T02:11:42.788Z [sequelize-project] info: LOG ma'lumotlari
2025-04-08T02:11:42.791Z [sequelize-project] error: ERROR ma'lumotlari
2025-04-08T02:11:42.793Z [sequelize-project] warn: WARN ma'lumotlari
2025-04-08T02:11:42.793Z [sequelize-project] info: INFO ma'lumotlari
2025-04-08T02:13:30.605Z [sequelize-project] info: LOG ma'lumotlari
2025-04-08T02:13:30.608Z [sequelize-project] error: ERROR ma'lumotlari
2025-04-08T02:13:30.609Z [sequelize-project] warn: WARN ma'lumotlari
2025-04-08T02:13:30.609Z [sequelize-project] info: INFO ma'lumotlari
2025-04-08T02:13:41.688Z [sequelize-project] info: LOG ma'lumotlari
2025-04-08T02:13:41.690Z [sequelize-project] error: ERROR ma'lumotlari
2025-04-08T02:13:41.690Z [sequelize-project] warn: WARN ma'lumotlari
2025-04-08T02:13:41.690Z [sequelize-project] info: INFO ma'lumotlari
2025-04-08T02:13:43.274Z [sequelize-project] info: LOG ma'lumotlari
2025-04-08T02:13:43.277Z [sequelize-project] error: ERROR ma'lumotlari
2025-04-08T02:13:43.277Z [sequelize-project] warn: WARN ma'lumotlari
2025-04-08T02:13:43.277Z [sequelize-project] info: INFO ma'lumotlari
2025-04-08T02:13:54.418Z [sequelize-project] info: LOG ma'lumotlari
2025-04-08T02:13:54.422Z [sequelize-project] error: ERROR ma'lumotlari
2025-04-08T02:13:54.423Z [sequelize-project] warn: WARN ma'lumotlari
2025-04-08T02:13:54.423Z [sequelize-project] info: INFO ma'lumotlari
2025-04-08T02:14:33.665Z [sequelize-project] info: LOG ma'lumotlari
2025-04-08T02:14:33.668Z [sequelize-project] error: ERROR ma'lumotlari
2025-04-08T02:14:33.669Z [sequelize-project] warn: WARN ma'lumotlari
2025-04-08T02:14:33.669Z [sequelize-project] info: INFO ma'lumotlari
2025-04-08T02:14:36.278Z [sequelize-project] info: LOG ma'lumotlari
2025-04-08T02:14:36.281Z [sequelize-project] error: ERROR ma'lumotlari
2025-04-08T02:14:36.282Z [sequelize-project] warn: WARN ma'lumotlari
2025-04-08T02:14:36.282Z [sequelize-project] info: INFO ma'lumotlari
2025-04-08T02:14:43.829Z [sequelize-project] info: LOG ma'lumotlari
2025-04-08T02:14:43.832Z [sequelize-project] error: ERROR ma'lumotlari
2025-04-08T02:14:43.833Z [sequelize-project] warn: WARN ma'lumotlari
2025-04-08T02:14:43.833Z [sequelize-project] info: INFO ma'lumotlari
2025-04-08T02:16:31.959Z [sequelize-project] info: LOG ma'lumotlari
2025-04-08T02:16:31.962Z [sequelize-project] error: ERROR ma'lumotlari
2025-04-08T02:16:31.962Z [sequelize-project] warn: WARN ma'lumotlari
2025-04-08T02:16:31.963Z [sequelize-project] info: INFO ma'lumotlari
2025-04-08T02:18:28.889Z [sequelize-project] info: LOG ma'lumotlari
2025-04-08T02:18:28.892Z [sequelize-project] error: ERROR ma'lumotlari
2025-04-08T02:18:28.893Z [sequelize-project] warn: WARN ma'lumotlari
2025-04-08T02:18:28.893Z [sequelize-project] info: INFO ma'lumotlari
2025-04-08T02:18:31.325Z [sequelize-project] info: LOG ma'lumotlari
2025-04-08T02:18:31.330Z [sequelize-project] error: ERROR ma'lumotlari
2025-04-08T02:18:31.332Z [sequelize-project] warn: WARN ma'lumotlari
2025-04-08T02:18:31.332Z [sequelize-project] info: INFO ma'lumotlari
2025-04-08T02:18:41.061Z [sequelize-project] info: LOG ma'lumotlari
2025-04-08T02:18:41.064Z [sequelize-project] error: ERROR ma'lumotlari
2025-04-08T02:18:41.065Z [sequelize-project] warn: WARN ma'lumotlari
2025-04-08T02:18:41.065Z [sequelize-project] info: INFO ma'lumotlari
2025-04-08T02:18:47.785Z [sequelize-project] info: LOG ma'lumotlari
2025-04-08T02:18:47.787Z [sequelize-project] error: ERROR ma'lumotlari
2025-04-08T02:18:47.788Z [sequelize-project] warn: WARN ma'lumotlari
2025-04-08T02:18:47.788Z [sequelize-project] info: INFO ma'lumotlari
2025-04-08T02:18:56.282Z [sequelize-project] info: LOG ma'lumotlari
2025-04-08T02:18:56.284Z [sequelize-project] error: ERROR ma'lumotlari
2025-04-08T02:18:56.285Z [sequelize-project] warn: WARN ma'lumotlari
2025-04-08T02:18:56.285Z [sequelize-project] info: INFO ma'lumotlari
2025-04-08T02:19:14.925Z [sequelize-project] info: LOG ma'lumotlari
2025-04-08T02:19:14.927Z [sequelize-project] error: ERROR ma'lumotlari
2025-04-08T02:19:14.928Z [sequelize-project] warn: WARN ma'lumotlari
2025-04-08T02:19:14.928Z [sequelize-project] info: INFO ma'lumotlari
2025-04-08T02:19:23.467Z [sequelize-project] info: LOG ma'lumotlari
2025-04-08T02:19:23.469Z [sequelize-project] error: ERROR ma'lumotlari
2025-04-08T02:19:23.470Z [sequelize-project] warn: WARN ma'lumotlari
2025-04-08T02:19:23.471Z [sequelize-project] info: INFO ma'lumotlari
2025-04-08T02:19:25.316Z [sequelize-project] info: LOG ma'lumotlari
2025-04-08T02:19:25.319Z [sequelize-project] error: ERROR ma'lumotlari
2025-04-08T02:19:25.320Z [sequelize-project] warn: WARN ma'lumotlari
2025-04-08T02:19:25.320Z [sequelize-project] info: INFO ma'lumotlari
2025-04-08T02:19:27.073Z [sequelize-project] info: LOG ma'lumotlari
2025-04-08T02:19:27.075Z [sequelize-project] error: ERROR ma'lumotlari
2025-04-08T02:19:27.076Z [sequelize-project] warn: WARN ma'lumotlari
2025-04-08T02:19:27.076Z [sequelize-project] info: INFO ma'lumotlari
2025-04-08T02:20:53.040Z [sequelize-project] info: LOG ma'lumotlari
2025-04-08T02:20:53.044Z [sequelize-project] error: ERROR ma'lumotlari
2025-04-08T02:20:53.045Z [sequelize-project] warn: WARN ma'lumotlari
2025-04-08T02:20:53.046Z [sequelize-project] info: INFO ma'lumotlari
2025-04-08T02:23:34.894Z [sequelize-project] info: LOG ma'lumotlari
2025-04-08T02:23:34.897Z [sequelize-project] error: ERROR ma'lumotlari
2025-04-08T02:23:34.898Z [sequelize-project] warn: WARN ma'lumotlari
2025-04-08T02:23:34.898Z [sequelize-project] info: INFO ma'lumotlari
2025-04-08T02:23:44.640Z [sequelize-project] info: LOG ma'lumotlari
2025-04-08T02:23:44.644Z [sequelize-project] error: ERROR ma'lumotlari
2025-04-08T02:23:44.646Z [sequelize-project] warn: WARN ma'lumotlari
2025-04-08T02:23:44.646Z [sequelize-project] info: INFO ma'lumotlari
2025-04-08T02:24:00.529Z [sequelize-project] info: LOG ma'lumotlari
2025-04-08T02:24:00.531Z [sequelize-project] error: ERROR ma'lumotlari
2025-04-08T02:24:00.532Z [sequelize-project] warn: WARN ma'lumotlari
2025-04-08T02:24:00.532Z [sequelize-project] info: INFO ma'lumotlari
2025-04-08T02:24:03.199Z [sequelize-project] info: LOG ma'lumotlari
2025-04-08T02:24:03.202Z [sequelize-project] error: ERROR ma'lumotlari
2025-04-08T02:24:03.203Z [sequelize-project] warn: WARN ma'lumotlari
2025-04-08T02:24:03.204Z [sequelize-project] info: INFO ma'lumotlari
2025-04-08T02:24:07.383Z [sequelize-project] info: LOG ma'lumotlari
2025-04-08T02:24:07.385Z [sequelize-project] error: ERROR ma'lumotlari
2025-04-08T02:24:07.385Z [sequelize-project] warn: WARN ma'lumotlari
2025-04-08T02:24:07.385Z [sequelize-project] info: INFO ma'lumotlari
2025-04-08T02:24:10.505Z [sequelize-project] info: LOG ma'lumotlari
2025-04-08T02:24:10.508Z [sequelize-project] error: ERROR ma'lumotlari
2025-04-08T02:24:10.508Z [sequelize-project] warn: WARN ma'lumotlari
2025-04-08T02:24:10.508Z [sequelize-project] info: INFO ma'lumotlari
2025-04-08T02:24:15.851Z [sequelize-project] error: Cannot access 'authorization' before initialization
2025-04-08T02:24:25.549Z [sequelize-project] info: LOG ma'lumotlari
2025-04-08T02:24:25.551Z [sequelize-project] error: ERROR ma'lumotlari
2025-04-08T02:24:25.552Z [sequelize-project] warn: WARN ma'lumotlari
2025-04-08T02:24:25.552Z [sequelize-project] info: INFO ma'lumotlari
2025-04-08T02:27:25.870Z [sequelize-project] info: LOG ma'lumotlari
2025-04-08T02:27:25.873Z [sequelize-project] error: ERROR ma'lumotlari
2025-04-08T02:27:25.874Z [sequelize-project] warn: WARN ma'lumotlari
2025-04-08T02:27:25.874Z [sequelize-project] info: INFO ma'lumotlari
2025-04-08T02:27:39.551Z [sequelize-project] info: LOG ma'lumotlari
2025-04-08T02:27:39.555Z [sequelize-project] error: ERROR ma'lumotlari
2025-04-08T02:27:39.555Z [sequelize-project] warn: WARN ma'lumotlari
2025-04-08T02:27:39.555Z [sequelize-project] info: INFO ma'lumotlari
2025-04-08T02:27:45.173Z [sequelize-project] info: LOG ma'lumotlari
2025-04-08T02:27:45.176Z [sequelize-project] error: ERROR ma'lumotlari
2025-04-08T02:27:45.177Z [sequelize-project] warn: WARN ma'lumotlari
2025-04-08T02:27:45.177Z [sequelize-project] info: INFO ma'lumotlari
2025-04-08T02:30:22.171Z [sequelize-project] info: LOG ma'lumotlari
2025-04-08T02:30:22.175Z [sequelize-project] error: ERROR ma'lumotlari
2025-04-08T02:30:22.176Z [sequelize-project] warn: WARN ma'lumotlari
2025-04-08T02:30:22.176Z [sequelize-project] info: INFO ma'lumotlari
2025-04-08T02:40:12.736Z [sequelize-project] info: LOG ma'lumotlari
2025-04-08T02:40:12.746Z [sequelize-project] error: ERROR ma'lumotlari
2025-04-08T02:40:12.747Z [sequelize-project] warn: WARN ma'lumotlari
2025-04-08T02:40:12.747Z [sequelize-project] info: INFO ma'lumotlari
2025-04-08T02:44:43.050Z [sequelize-project] info: LOG ma'lumotlari
2025-04-08T02:44:43.054Z [sequelize-project] error: ERROR ma'lumotlari
2025-04-08T02:44:43.055Z [sequelize-project] warn: WARN ma'lumotlari
2025-04-08T02:44:43.055Z [sequelize-project] info: INFO ma'lumotlari
2025-04-08T03:06:10.078Z [sequelize-project] info: LOG ma'lumotlari
2025-04-08T03:06:10.082Z [sequelize-project] error: ERROR ma'lumotlari
2025-04-08T03:06:10.083Z [sequelize-project] warn: WARN ma'lumotlari
2025-04-08T03:06:10.083Z [sequelize-project] info: INFO ma'lumotlari
2025-04-08T03:06:11.150Z [sequelize-project] info: LOG ma'lumotlari
2025-04-08T03:06:11.153Z [sequelize-project] error: ERROR ma'lumotlari
2025-04-08T03:06:11.154Z [sequelize-project] warn: WARN ma'lumotlari
2025-04-08T03:06:11.154Z [sequelize-project] info: INFO ma'lumotlari
2025-04-08T03:11:34.723Z [sequelize-project] info: LOG ma'lumotlari
2025-04-08T03:11:34.726Z [sequelize-project] error: ERROR ma'lumotlari
2025-04-08T03:11:34.727Z [sequelize-project] warn: WARN ma'lumotlari
2025-04-08T03:11:34.727Z [sequelize-project] info: INFO ma'lumotlari
2025-04-08T03:11:35.769Z [sequelize-project] info: LOG ma'lumotlari
2025-04-08T03:11:35.771Z [sequelize-project] error: ERROR ma'lumotlari
2025-04-08T03:11:35.772Z [sequelize-project] warn: WARN ma'lumotlari
2025-04-08T03:11:35.772Z [sequelize-project] info: INFO ma'lumotlari
2025-04-08T03:12:08.500Z [sequelize-project] info: LOG ma'lumotlari
2025-04-08T03:12:08.503Z [sequelize-project] error: ERROR ma'lumotlari
2025-04-08T03:12:08.503Z [sequelize-project] warn: WARN ma'lumotlari
2025-04-08T03:12:08.503Z [sequelize-project] info: INFO ma'lumotlari
2025-04-08T03:12:09.520Z [sequelize-project] info: LOG ma'lumotlari
2025-04-08T03:12:09.523Z [sequelize-project] error: ERROR ma'lumotlari
2025-04-08T03:12:09.524Z [sequelize-project] warn: WARN ma'lumotlari
2025-04-08T03:12:09.524Z [sequelize-project] info: INFO ma'lumotlari
2025-04-08T03:12:13.078Z [sequelize-project] info: LOG ma'lumotlari
2025-04-08T03:12:13.080Z [sequelize-project] error: ERROR ma'lumotlari
2025-04-08T03:12:13.081Z [sequelize-project] warn: WARN ma'lumotlari
2025-04-08T03:12:13.081Z [sequelize-project] info: INFO ma'lumotlari
2025-04-08T03:12:20.743Z [sequelize-project] info: LOG ma'lumotlari
2025-04-08T03:12:20.746Z [sequelize-project] error: ERROR ma'lumotlari
2025-04-08T03:12:20.746Z [sequelize-project] warn: WARN ma'lumotlari
2025-04-08T03:12:20.746Z [sequelize-project] info: INFO ma'lumotlari
2025-04-08T03:12:30.138Z [sequelize-project] info: LOG ma'lumotlari
2025-04-08T03:12:30.142Z [sequelize-project] error: ERROR ma'lumotlari
2025-04-08T03:12:30.143Z [sequelize-project] warn: WARN ma'lumotlari
2025-04-08T03:12:30.143Z [sequelize-project] info: INFO ma'lumotlari
2025-04-08T03:12:48.712Z [sequelize-project] info: LOG ma'lumotlari
2025-04-08T03:12:48.715Z [sequelize-project] error: ERROR ma'lumotlari
2025-04-08T03:12:48.715Z [sequelize-project] warn: WARN ma'lumotlari
2025-04-08T03:12:48.716Z [sequelize-project] info: INFO ma'lumotlari
2025-04-08T03:13:01.217Z [sequelize-project] info: LOG ma'lumotlari
2025-04-08T03:13:01.220Z [sequelize-project] error: ERROR ma'lumotlari
2025-04-08T03:13:01.221Z [sequelize-project] warn: WARN ma'lumotlari
2025-04-08T03:13:01.221Z [sequelize-project] info: INFO ma'lumotlari
2025-04-08T03:13:03.787Z [sequelize-project] info: LOG ma'lumotlari
2025-04-08T03:13:03.790Z [sequelize-project] error: ERROR ma'lumotlari
2025-04-08T03:13:03.791Z [sequelize-project] warn: WARN ma'lumotlari
2025-04-08T03:13:03.791Z [sequelize-project] info: INFO ma'lumotlari
2025-04-08T03:13:11.605Z [sequelize-project] info: LOG ma'lumotlari
2025-04-08T03:13:11.608Z [sequelize-project] error: ERROR ma'lumotlari
2025-04-08T03:13:11.609Z [sequelize-project] warn: WARN ma'lumotlari
2025-04-08T03:13:11.610Z [sequelize-project] info: INFO ma'lumotlari
2025-04-08T03:13:37.277Z [sequelize-project] info: LOG ma'lumotlari
2025-04-08T03:13:37.281Z [sequelize-project] error: ERROR ma'lumotlari
2025-04-08T03:13:37.282Z [sequelize-project] warn: WARN ma'lumotlari
2025-04-08T03:13:37.282Z [sequelize-project] info: INFO ma'lumotlari
2025-04-08T03:13:49.701Z [sequelize-project] info: LOG ma'lumotlari
2025-04-08T03:13:49.704Z [sequelize-project] error: ERROR ma'lumotlari
2025-04-08T03:13:49.705Z [sequelize-project] warn: WARN ma'lumotlari
2025-04-08T03:13:49.705Z [sequelize-project] info: INFO ma'lumotlari
2025-04-08T03:13:51.129Z [sequelize-project] info: LOG ma'lumotlari
2025-04-08T03:13:51.131Z [sequelize-project] error: ERROR ma'lumotlari
2025-04-08T03:13:51.132Z [sequelize-project] warn: WARN ma'lumotlari
2025-04-08T03:13:51.132Z [sequelize-project] info: INFO ma'lumotlari
2025-04-08T03:14:29.942Z [sequelize-project] info: LOG ma'lumotlari
2025-04-08T03:14:29.946Z [sequelize-project] error: ERROR ma'lumotlari
2025-04-08T03:14:29.946Z [sequelize-project] warn: WARN ma'lumotlari
2025-04-08T03:14:29.947Z [sequelize-project] info: INFO ma'lumotlari
2025-04-08T03:14:31.058Z [sequelize-project] info: LOG ma'lumotlari
2025-04-08T03:14:31.061Z [sequelize-project] error: ERROR ma'lumotlari
2025-04-08T03:14:31.062Z [sequelize-project] warn: WARN ma'lumotlari
2025-04-08T03:14:31.062Z [sequelize-project] info: INFO ma'lumotlari
2025-04-08T03:19:29.578Z [sequelize-project] info: LOG ma'lumotlari
2025-04-08T03:19:29.580Z [sequelize-project] error: ERROR ma'lumotlari
2025-04-08T03:19:29.581Z [sequelize-project] warn: WARN ma'lumotlari
2025-04-08T03:19:29.581Z [sequelize-project] info: INFO ma'lumotlari
2025-04-08T03:22:59.383Z [sequelize-project] info: LOG ma'lumotlari
2025-04-08T03:22:59.386Z [sequelize-project] error: ERROR ma'lumotlari
2025-04-08T03:22:59.387Z [sequelize-project] warn: WARN ma'lumotlari
2025-04-08T03:22:59.387Z [sequelize-project] info: INFO ma'lumotlari
2025-04-08T03:23:13.206Z [sequelize-project] info: LOG ma'lumotlari
2025-04-08T03:23:13.210Z [sequelize-project] error: ERROR ma'lumotlari
2025-04-08T03:23:13.211Z [sequelize-project] warn: WARN ma'lumotlari
2025-04-08T03:23:13.211Z [sequelize-project] info: INFO ma'lumotlari
2025-04-08T03:28:24.854Z [sequelize-project] info: LOG ma'lumotlari
2025-04-08T03:28:24.856Z [sequelize-project] error: ERROR ma'lumotlari
2025-04-08T03:28:24.857Z [sequelize-project] warn: WARN ma'lumotlari
2025-04-08T03:28:24.857Z [sequelize-project] info: INFO ma'lumotlari
2025-04-08T03:28:53.145Z [sequelize-project] info: LOG ma'lumotlari
2025-04-08T03:28:53.148Z [sequelize-project] error: ERROR ma'lumotlari
2025-04-08T03:28:53.149Z [sequelize-project] warn: WARN ma'lumotlari
2025-04-08T03:28:53.150Z [sequelize-project] info: INFO ma'lumotlari
2025-04-08T03:29:39.107Z [sequelize-project] info: LOG ma'lumotlari
2025-04-08T03:29:39.109Z [sequelize-project] error: ERROR ma'lumotlari
2025-04-08T03:29:39.110Z [sequelize-project] warn: WARN ma'lumotlari
2025-04-08T03:29:39.110Z [sequelize-project] info: INFO ma'lumotlari
2025-04-08T03:29:42.438Z [sequelize-project] info: LOG ma'lumotlari
2025-04-08T03:29:42.441Z [sequelize-project] error: ERROR ma'lumotlari
2025-04-08T03:29:42.441Z [sequelize-project] warn: WARN ma'lumotlari
2025-04-08T03:29:42.441Z [sequelize-project] info: INFO ma'lumotlari
2025-04-08T03:30:28.458Z [sequelize-project] info: LOG ma'lumotlari
2025-04-08T03:30:28.460Z [sequelize-project] error: ERROR ma'lumotlari
2025-04-08T03:30:28.461Z [sequelize-project] warn: WARN ma'lumotlari
2025-04-08T03:30:28.461Z [sequelize-project] info: INFO ma'lumotlari
2025-04-08T03:30:30.801Z [sequelize-project] info: LOG ma'lumotlari
2025-04-08T03:30:30.805Z [sequelize-project] error: ERROR ma'lumotlari
2025-04-08T03:30:30.806Z [sequelize-project] warn: WARN ma'lumotlari
2025-04-08T03:30:30.806Z [sequelize-project] info: INFO ma'lumotlari
2025-04-08T03:31:21.371Z [sequelize-project] info: LOG ma'lumotlari
2025-04-08T03:31:21.374Z [sequelize-project] error: ERROR ma'lumotlari
2025-04-08T03:31:21.374Z [sequelize-project] warn: WARN ma'lumotlari
2025-04-08T03:31:21.374Z [sequelize-project] info: INFO ma'lumotlari
2025-04-08T03:31:24.703Z [sequelize-project] info: LOG ma'lumotlari
2025-04-08T03:31:24.707Z [sequelize-project] error: ERROR ma'lumotlari
2025-04-08T03:31:24.707Z [sequelize-project] warn: WARN ma'lumotlari
2025-04-08T03:31:24.707Z [sequelize-project] info: INFO ma'lumotlari
2025-04-08T03:31:34.070Z [sequelize-project] info: LOG ma'lumotlari
2025-04-08T03:31:34.073Z [sequelize-project] error: ERROR ma'lumotlari
2025-04-08T03:31:34.074Z [sequelize-project] warn: WARN ma'lumotlari
2025-04-08T03:31:34.074Z [sequelize-project] info: INFO ma'lumotlari
2025-04-08T03:31:46.553Z [sequelize-project] info: LOG ma'lumotlari
2025-04-08T03:31:46.556Z [sequelize-project] error: ERROR ma'lumotlari
2025-04-08T03:31:46.557Z [sequelize-project] warn: WARN ma'lumotlari
2025-04-08T03:31:46.557Z [sequelize-project] info: INFO ma'lumotlari
2025-04-08T03:32:02.440Z [sequelize-project] info: LOG ma'lumotlari
2025-04-08T03:32:02.443Z [sequelize-project] error: ERROR ma'lumotlari
2025-04-08T03:32:02.444Z [sequelize-project] warn: WARN ma'lumotlari
2025-04-08T03:32:02.444Z [sequelize-project] info: INFO ma'lumotlari
2025-04-08T03:32:07.871Z [sequelize-project] info: LOG ma'lumotlari
2025-04-08T03:32:07.874Z [sequelize-project] error: ERROR ma'lumotlari
2025-04-08T03:32:07.874Z [sequelize-project] warn: WARN ma'lumotlari
2025-04-08T03:32:07.874Z [sequelize-project] info: INFO ma'lumotlari
2025-04-08T03:32:14.542Z [sequelize-project] info: LOG ma'lumotlari
2025-04-08T03:32:14.545Z [sequelize-project] error: ERROR ma'lumotlari
2025-04-08T03:32:14.546Z [sequelize-project] warn: WARN ma'lumotlari
2025-04-08T03:32:14.546Z [sequelize-project] info: INFO ma'lumotlari
2025-04-08T03:32:15.574Z [sequelize-project] info: LOG ma'lumotlari
2025-04-08T03:32:15.577Z [sequelize-project] error: ERROR ma'lumotlari
2025-04-08T03:32:15.577Z [sequelize-project] warn: WARN ma'lumotlari
2025-04-08T03:32:15.578Z [sequelize-project] info: INFO ma'lumotlari
2025-04-08T03:32:41.030Z [sequelize-project] info: LOG ma'lumotlari
2025-04-08T03:32:41.033Z [sequelize-project] error: ERROR ma'lumotlari
2025-04-08T03:32:41.034Z [sequelize-project] warn: WARN ma'lumotlari
2025-04-08T03:32:41.034Z [sequelize-project] info: INFO ma'lumotlari
2025-04-08T03:32:59.531Z [sequelize-project] info: LOG ma'lumotlari
2025-04-08T03:32:59.533Z [sequelize-project] error: ERROR ma'lumotlari
2025-04-08T03:32:59.534Z [sequelize-project] warn: WARN ma'lumotlari
2025-04-08T03:32:59.534Z [sequelize-project] info: INFO ma'lumotlari
2025-04-08T03:36:38.160Z [sequelize-project] info: LOG ma'lumotlari
2025-04-08T03:36:38.164Z [sequelize-project] error: ERROR ma'lumotlari
2025-04-08T03:36:38.165Z [sequelize-project] warn: WARN ma'lumotlari
2025-04-08T03:36:38.165Z [sequelize-project] info: INFO ma'lumotlari
2025-04-08T03:36:39.867Z [sequelize-project] info: LOG ma'lumotlari
2025-04-08T03:36:39.871Z [sequelize-project] error: ERROR ma'lumotlari
2025-04-08T03:36:39.872Z [sequelize-project] warn: WARN ma'lumotlari
2025-04-08T03:36:39.872Z [sequelize-project] info: INFO ma'lumotlari
2025-04-08T03:37:13.947Z [sequelize-project] info: LOG ma'lumotlari
2025-04-08T03:37:13.952Z [sequelize-project] error: ERROR ma'lumotlari
2025-04-08T03:37:13.953Z [sequelize-project] warn: WARN ma'lumotlari
2025-04-08T03:37:13.953Z [sequelize-project] info: INFO ma'lumotlari
2025-04-08T03:37:22.133Z [sequelize-project] info: LOG ma'lumotlari
2025-04-08T03:37:22.136Z [sequelize-project] error: ERROR ma'lumotlari
2025-04-08T03:37:22.137Z [sequelize-project] warn: WARN ma'lumotlari
2025-04-08T03:37:22.137Z [sequelize-project] info: INFO ma'lumotlari
2025-04-08T03:39:03.953Z [sequelize-project] info: LOG ma'lumotlari
2025-04-08T03:39:03.956Z [sequelize-project] error: ERROR ma'lumotlari
2025-04-08T03:39:03.957Z [sequelize-project] warn: WARN ma'lumotlari
2025-04-08T03:39:03.957Z [sequelize-project] info: INFO ma'lumotlari
2025-04-08T03:39:56.491Z [sequelize-project] info: LOG ma'lumotlari
2025-04-08T03:39:56.494Z [sequelize-project] error: ERROR ma'lumotlari
2025-04-08T03:39:56.495Z [sequelize-project] warn: WARN ma'lumotlari
2025-04-08T03:39:56.495Z [sequelize-project] info: INFO ma'lumotlari
2025-04-08T03:40:25.873Z [sequelize-project] info: LOG ma'lumotlari
2025-04-08T03:40:25.876Z [sequelize-project] error: ERROR ma'lumotlari
2025-04-08T03:40:25.877Z [sequelize-project] warn: WARN ma'lumotlari
2025-04-08T03:40:25.877Z [sequelize-project] info: INFO ma'lumotlari
2025-04-08T03:40:27.016Z [sequelize-project] info: LOG ma'lumotlari
2025-04-08T03:40:27.018Z [sequelize-project] error: ERROR ma'lumotlari
2025-04-08T03:40:27.020Z [sequelize-project] warn: WARN ma'lumotlari
2025-04-08T03:40:27.020Z [sequelize-project] info: INFO ma'lumotlari
2025-04-08T03:40:36.067Z [sequelize-project] info: LOG ma'lumotlari
2025-04-08T03:40:36.070Z [sequelize-project] error: ERROR ma'lumotlari
2025-04-08T03:40:36.070Z [sequelize-project] warn: WARN ma'lumotlari
2025-04-08T03:40:36.070Z [sequelize-project] info: INFO ma'lumotlari
2025-04-08T03:40:43.070Z [sequelize-project] info: LOG ma'lumotlari
2025-04-08T03:40:43.073Z [sequelize-project] error: ERROR ma'lumotlari
2025-04-08T03:40:43.073Z [sequelize-project] warn: WARN ma'lumotlari
2025-04-08T03:40:43.073Z [sequelize-project] info: INFO ma'lumotlari
2025-04-08T03:40:50.831Z [sequelize-project] info: LOG ma'lumotlari
2025-04-08T03:40:50.834Z [sequelize-project] error: ERROR ma'lumotlari
2025-04-08T03:40:50.835Z [sequelize-project] warn: WARN ma'lumotlari
2025-04-08T03:40:50.836Z [sequelize-project] info: INFO ma'lumotlari
2025-04-08T03:41:00.856Z [sequelize-project] info: LOG ma'lumotlari
2025-04-08T03:41:00.858Z [sequelize-project] error: ERROR ma'lumotlari
2025-04-08T03:41:00.859Z [sequelize-project] warn: WARN ma'lumotlari
2025-04-08T03:41:00.859Z [sequelize-project] info: INFO ma'lumotlari
2025-04-08T03:41:03.953Z [sequelize-project] info: LOG ma'lumotlari
2025-04-08T03:41:03.956Z [sequelize-project] error: ERROR ma'lumotlari
2025-04-08T03:41:03.957Z [sequelize-project] warn: WARN ma'lumotlari
2025-04-08T03:41:03.957Z [sequelize-project] info: INFO ma'lumotlari
2025-04-08T03:41:11.298Z [sequelize-project] info: LOG ma'lumotlari
2025-04-08T03:41:11.300Z [sequelize-project] error: ERROR ma'lumotlari
2025-04-08T03:41:11.302Z [sequelize-project] warn: WARN ma'lumotlari
2025-04-08T03:41:11.303Z [sequelize-project] info: INFO ma'lumotlari
2025-04-08T03:41:53.890Z [sequelize-project] info: LOG ma'lumotlari
2025-04-08T03:41:53.892Z [sequelize-project] error: ERROR ma'lumotlari
2025-04-08T03:41:53.893Z [sequelize-project] warn: WARN ma'lumotlari
2025-04-08T03:41:53.894Z [sequelize-project] info: INFO ma'lumotlari
2025-04-08T03:42:48.673Z [sequelize-project] info: LOG ma'lumotlari
2025-04-08T03:42:48.679Z [sequelize-project] error: ERROR ma'lumotlari
2025-04-08T03:42:48.680Z [sequelize-project] warn: WARN ma'lumotlari
2025-04-08T03:42:48.680Z [sequelize-project] info: INFO ma'lumotlari
2025-04-08T03:49:48.257Z [sequelize-project] info: LOG ma'lumotlari
2025-04-08T03:49:48.261Z [sequelize-project] error: ERROR ma'lumotlari
2025-04-08T03:49:48.261Z [sequelize-project] warn: WARN ma'lumotlari
2025-04-08T03:49:48.262Z [sequelize-project] info: INFO ma'lumotlari
2025-04-08T03:50:28.386Z [sequelize-project] info: LOG ma'lumotlari
2025-04-08T03:50:28.390Z [sequelize-project] error: ERROR ma'lumotlari
2025-04-08T03:50:28.391Z [sequelize-project] warn: WARN ma'lumotlari
2025-04-08T03:50:28.391Z [sequelize-project] info: INFO ma'lumotlari
2025-04-08T03:51:23.543Z [sequelize-project] info: LOG ma'lumotlari
2025-04-08T03:51:23.548Z [sequelize-project] error: ERROR ma'lumotlari
2025-04-08T03:51:23.549Z [sequelize-project] warn: WARN ma'lumotlari
2025-04-08T03:51:23.550Z [sequelize-project] info: INFO ma'lumotlari
2025-04-08T03:52:40.293Z [sequelize-project] error: value too long for type character varying(255)
2025-04-08T03:53:08.316Z [sequelize-project] info: LOG ma'lumotlari
2025-04-08T03:53:08.320Z [sequelize-project] error: ERROR ma'lumotlari
2025-04-08T03:53:08.321Z [sequelize-project] warn: WARN ma'lumotlari
2025-04-08T03:53:08.321Z [sequelize-project] info: INFO ma'lumotlari
2025-04-08T03:53:10.442Z [sequelize-project] info: LOG ma'lumotlari
2025-04-08T03:53:10.444Z [sequelize-project] error: ERROR ma'lumotlari
2025-04-08T03:53:10.445Z [sequelize-project] warn: WARN ma'lumotlari
2025-04-08T03:53:10.445Z [sequelize-project] info: INFO ma'lumotlari
2025-04-08T03:55:00.958Z [sequelize-project] info: LOG ma'lumotlari
2025-04-08T03:55:00.962Z [sequelize-project] error: ERROR ma'lumotlari
2025-04-08T03:55:00.963Z [sequelize-project] warn: WARN ma'lumotlari
2025-04-08T03:55:00.963Z [sequelize-project] info: INFO ma'lumotlari
2025-04-08T04:14:15.826Z [sequelize-project] info: LOG ma'lumotlari
2025-04-08T04:14:15.830Z [sequelize-project] error: ERROR ma'lumotlari
2025-04-08T04:14:15.830Z [sequelize-project] warn: WARN ma'lumotlari
2025-04-08T04:14:15.830Z [sequelize-project] info: INFO ma'lumotlari
2025-04-08T04:14:17.110Z [sequelize-project] info: LOG ma'lumotlari
2025-04-08T04:14:17.114Z [sequelize-project] error: ERROR ma'lumotlari
2025-04-08T04:14:17.115Z [sequelize-project] warn: WARN ma'lumotlari
2025-04-08T04:14:17.115Z [sequelize-project] info: INFO ma'lumotlari
2025-04-08T04:14:32.243Z [sequelize-project] error: jwtService.generateTokens is not a function
2025-04-08T04:18:31.038Z [sequelize-project] info: LOG ma'lumotlari
2025-04-08T04:18:31.041Z [sequelize-project] error: ERROR ma'lumotlari
2025-04-08T04:18:31.041Z [sequelize-project] warn: WARN ma'lumotlari
2025-04-08T04:18:31.042Z [sequelize-project] info: INFO ma'lumotlari
2025-04-08T04:18:32.070Z [sequelize-project] info: LOG ma'lumotlari
2025-04-08T04:18:32.073Z [sequelize-project] error: ERROR ma'lumotlari
2025-04-08T04:18:32.075Z [sequelize-project] warn: WARN ma'lumotlari
2025-04-08T04:18:32.075Z [sequelize-project] info: INFO ma'lumotlari
2025-04-08T04:18:38.605Z [sequelize-project] info: LOG ma'lumotlari
2025-04-08T04:18:38.608Z [sequelize-project] error: ERROR ma'lumotlari
2025-04-08T04:18:38.609Z [sequelize-project] warn: WARN ma'lumotlari
2025-04-08T04:18:38.609Z [sequelize-project] info: INFO ma'lumotlari
2025-04-08T04:18:45.634Z [sequelize-project] info: LOG ma'lumotlari
2025-04-08T04:18:45.637Z [sequelize-project] error: ERROR ma'lumotlari
2025-04-08T04:18:45.638Z [sequelize-project] warn: WARN ma'lumotlari
2025-04-08T04:18:45.638Z [sequelize-project] info: INFO ma'lumotlari
2025-04-08T04:18:48.685Z [sequelize-project] info: LOG ma'lumotlari
2025-04-08T04:18:48.687Z [sequelize-project] error: ERROR ma'lumotlari
2025-04-08T04:18:48.688Z [sequelize-project] warn: WARN ma'lumotlari
2025-04-08T04:18:48.688Z [sequelize-project] info: INFO ma'lumotlari
2025-04-08T04:19:09.810Z [sequelize-project] info: LOG ma'lumotlari
2025-04-08T04:19:09.814Z [sequelize-project] error: ERROR ma'lumotlari
2025-04-08T04:19:09.814Z [sequelize-project] warn: WARN ma'lumotlari
2025-04-08T04:19:09.814Z [sequelize-project] info: INFO ma'lumotlari
2025-04-08T04:19:12.461Z [sequelize-project] info: LOG ma'lumotlari
2025-04-08T04:19:12.465Z [sequelize-project] error: ERROR ma'lumotlari
2025-04-08T04:19:12.466Z [sequelize-project] warn: WARN ma'lumotlari
2025-04-08T04:19:12.466Z [sequelize-project] info: INFO ma'lumotlari
2025-04-08T04:19:16.766Z [sequelize-project] info: LOG ma'lumotlari
2025-04-08T04:19:16.769Z [sequelize-project] error: ERROR ma'lumotlari
2025-04-08T04:19:16.769Z [sequelize-project] warn: WARN ma'lumotlari
2025-04-08T04:19:16.770Z [sequelize-project] info: INFO ma'lumotlari
2025-04-08T04:19:41.450Z [sequelize-project] info: LOG ma'lumotlari
2025-04-08T04:19:41.455Z [sequelize-project] error: ERROR ma'lumotlari
2025-04-08T04:19:41.456Z [sequelize-project] warn: WARN ma'lumotlari
2025-04-08T04:19:41.456Z [sequelize-project] info: INFO ma'lumotlari
2025-04-08T04:19:42.405Z [sequelize-project] info: LOG ma'lumotlari
2025-04-08T04:19:42.408Z [sequelize-project] error: ERROR ma'lumotlari
2025-04-08T04:19:42.409Z [sequelize-project] warn: WARN ma'lumotlari
2025-04-08T04:19:42.409Z [sequelize-project] info: INFO ma'lumotlari
2025-04-08T04:19:45.575Z [sequelize-project] info: LOG ma'lumotlari
2025-04-08T04:19:45.578Z [sequelize-project] error: ERROR ma'lumotlari
2025-04-08T04:19:45.579Z [sequelize-project] warn: WARN ma'lumotlari
2025-04-08T04:19:45.580Z [sequelize-project] info: INFO ma'lumotlari
2025-04-08T04:20:18.817Z [sequelize-project] info: LOG ma'lumotlari
2025-04-08T04:20:18.819Z [sequelize-project] error: ERROR ma'lumotlari
2025-04-08T04:20:18.820Z [sequelize-project] warn: WARN ma'lumotlari
2025-04-08T04:20:18.820Z [sequelize-project] info: INFO ma'lumotlari
2025-04-08T04:20:22.572Z [sequelize-project] info: LOG ma'lumotlari
2025-04-08T04:20:22.575Z [sequelize-project] error: ERROR ma'lumotlari
2025-04-08T04:20:22.575Z [sequelize-project] warn: WARN ma'lumotlari
2025-04-08T04:20:22.576Z [sequelize-project] info: INFO ma'lumotlari
2025-04-08T04:20:23.528Z [sequelize-project] info: LOG ma'lumotlari
2025-04-08T04:20:23.532Z [sequelize-project] error: ERROR ma'lumotlari
2025-04-08T04:20:23.532Z [sequelize-project] warn: WARN ma'lumotlari
2025-04-08T04:20:23.532Z [sequelize-project] info: INFO ma'lumotlari
2025-04-08T04:20:35.804Z [sequelize-project] error: jwtService.generateTokens is not a function
2025-04-08T04:20:37.492Z [sequelize-project] error: jwtService.generateTokens is not a function
2025-04-08T04:21:53.824Z [sequelize-project] info: LOG ma'lumotlari
2025-04-08T04:21:53.827Z [sequelize-project] error: ERROR ma'lumotlari
2025-04-08T04:21:53.828Z [sequelize-project] warn: WARN ma'lumotlari
2025-04-08T04:21:53.828Z [sequelize-project] info: INFO ma'lumotlari
2025-04-08T04:22:12.449Z [sequelize-project] info: LOG ma'lumotlari
2025-04-08T04:22:12.451Z [sequelize-project] error: ERROR ma'lumotlari
2025-04-08T04:22:12.452Z [sequelize-project] warn: WARN ma'lumotlari
2025-04-08T04:22:12.452Z [sequelize-project] info: INFO ma'lumotlari
2025-04-08T04:22:16.841Z [sequelize-project] info: LOG ma'lumotlari
2025-04-08T04:22:16.844Z [sequelize-project] error: ERROR ma'lumotlari
2025-04-08T04:22:16.845Z [sequelize-project] warn: WARN ma'lumotlari
2025-04-08T04:22:16.846Z [sequelize-project] info: INFO ma'lumotlari
2025-04-08T04:22:18.776Z [sequelize-project] info: LOG ma'lumotlari
2025-04-08T04:22:18.780Z [sequelize-project] error: ERROR ma'lumotlari
2025-04-08T04:22:18.781Z [sequelize-project] warn: WARN ma'lumotlari
2025-04-08T04:22:18.781Z [sequelize-project] info: INFO ma'lumotlari
2025-04-08T04:22:21.503Z [sequelize-project] info: LOG ma'lumotlari
2025-04-08T04:22:21.506Z [sequelize-project] error: ERROR ma'lumotlari
2025-04-08T04:22:21.507Z [sequelize-project] warn: WARN ma'lumotlari
2025-04-08T04:22:21.507Z [sequelize-project] info: INFO ma'lumotlari
2025-04-08T04:22:43.058Z [sequelize-project] info: LOG ma'lumotlari
2025-04-08T04:22:43.061Z [sequelize-project] error: ERROR ma'lumotlari
2025-04-08T04:22:43.062Z [sequelize-project] warn: WARN ma'lumotlari
2025-04-08T04:22:43.062Z [sequelize-project] info: INFO ma'lumotlari
2025-04-08T04:22:48.379Z [sequelize-project] info: LOG ma'lumotlari
2025-04-08T04:22:48.383Z [sequelize-project] error: ERROR ma'lumotlari
2025-04-08T04:22:48.384Z [sequelize-project] warn: WARN ma'lumotlari
2025-04-08T04:22:48.384Z [sequelize-project] info: INFO ma'lumotlari
2025-04-08T04:23:17.315Z [sequelize-project] info: LOG ma'lumotlari
2025-04-08T04:23:17.318Z [sequelize-project] error: ERROR ma'lumotlari
2025-04-08T04:23:17.318Z [sequelize-project] warn: WARN ma'lumotlari
2025-04-08T04:23:17.318Z [sequelize-project] info: INFO ma'lumotlari
2025-04-08T04:23:18.340Z [sequelize-project] info: LOG ma'lumotlari
2025-04-08T04:23:18.343Z [sequelize-project] error: ERROR ma'lumotlari
2025-04-08T04:23:18.344Z [sequelize-project] warn: WARN ma'lumotlari
2025-04-08T04:23:18.344Z [sequelize-project] info: INFO ma'lumotlari
2025-04-08T04:23:51.920Z [sequelize-project] error: JwtService.generateTokens is not a function
2025-04-08T04:39:19.144Z [sequelize-project] info: LOG ma'lumotlari
2025-04-08T04:39:19.147Z [sequelize-project] error: ERROR ma'lumotlari
2025-04-08T04:39:19.148Z [sequelize-project] warn: WARN ma'lumotlari
2025-04-08T04:39:19.149Z [sequelize-project] info: INFO ma'lumotlari
2025-04-08T04:42:43.399Z [sequelize-project] info: LOG ma'lumotlari
2025-04-08T04:42:43.402Z [sequelize-project] error: ERROR ma'lumotlari
2025-04-08T04:42:43.403Z [sequelize-project] warn: WARN ma'lumotlari
2025-04-08T04:42:43.403Z [sequelize-project] info: INFO ma'lumotlari
2025-04-08T04:42:44.578Z [sequelize-project] info: LOG ma'lumotlari
2025-04-08T04:42:44.580Z [sequelize-project] error: ERROR ma'lumotlari
2025-04-08T04:42:44.581Z [sequelize-project] warn: WARN ma'lumotlari
2025-04-08T04:42:44.581Z [sequelize-project] info: INFO ma'lumotlari
2025-04-08T04:42:58.301Z [sequelize-project] info: LOG ma'lumotlari
2025-04-08T04:42:58.304Z [sequelize-project] error: ERROR ma'lumotlari
2025-04-08T04:42:58.305Z [sequelize-project] warn: WARN ma'lumotlari
2025-04-08T04:42:58.305Z [sequelize-project] info: INFO ma'lumotlari
2025-04-08T04:43:08.288Z [sequelize-project] info: LOG ma'lumotlari
2025-04-08T04:43:08.291Z [sequelize-project] error: ERROR ma'lumotlari
2025-04-08T04:43:08.293Z [sequelize-project] warn: WARN ma'lumotlari
2025-04-08T04:43:08.293Z [sequelize-project] info: INFO ma'lumotlari
2025-04-08T04:43:10.522Z [sequelize-project] info: LOG ma'lumotlari
2025-04-08T04:43:10.525Z [sequelize-project] error: ERROR ma'lumotlari
2025-04-08T04:43:10.526Z [sequelize-project] warn: WARN ma'lumotlari
2025-04-08T04:43:10.526Z [sequelize-project] info: INFO ma'lumotlari
2025-04-08T04:43:13.039Z [sequelize-project] info: LOG ma'lumotlari
2025-04-08T04:43:13.041Z [sequelize-project] error: ERROR ma'lumotlari
2025-04-08T04:43:13.042Z [sequelize-project] warn: WARN ma'lumotlari
2025-04-08T04:43:13.042Z [sequelize-project] info: INFO ma'lumotlari
2025-04-08T04:43:16.859Z [sequelize-project] info: LOG ma'lumotlari
2025-04-08T04:43:16.862Z [sequelize-project] error: ERROR ma'lumotlari
2025-04-08T04:43:16.862Z [sequelize-project] warn: WARN ma'lumotlari
2025-04-08T04:43:16.863Z [sequelize-project] info: INFO ma'lumotlari
2025-04-08T04:43:29.508Z [sequelize-project] info: LOG ma'lumotlari
2025-04-08T04:43:29.512Z [sequelize-project] error: ERROR ma'lumotlari
2025-04-08T04:43:29.513Z [sequelize-project] warn: WARN ma'lumotlari
2025-04-08T04:43:29.513Z [sequelize-project] info: INFO ma'lumotlari
2025-04-08T04:43:31.669Z [sequelize-project] info: LOG ma'lumotlari
2025-04-08T04:43:31.672Z [sequelize-project] error: ERROR ma'lumotlari
2025-04-08T04:43:31.672Z [sequelize-project] warn: WARN ma'lumotlari
2025-04-08T04:43:31.672Z [sequelize-project] info: INFO ma'lumotlari
2025-04-08T04:43:45.841Z [sequelize-project] info: LOG ma'lumotlari
2025-04-08T04:43:45.844Z [sequelize-project] error: ERROR ma'lumotlari
2025-04-08T04:43:45.845Z [sequelize-project] warn: WARN ma'lumotlari
2025-04-08T04:43:45.845Z [sequelize-project] info: INFO ma'lumotlari
2025-04-08T04:43:51.196Z [sequelize-project] info: LOG ma'lumotlari
2025-04-08T04:43:51.198Z [sequelize-project] error: ERROR ma'lumotlari
2025-04-08T04:43:51.199Z [sequelize-project] warn: WARN ma'lumotlari
2025-04-08T04:43:51.200Z [sequelize-project] info: INFO ma'lumotlari
2025-04-08T04:43:58.085Z [sequelize-project] info: LOG ma'lumotlari
2025-04-08T04:43:58.087Z [sequelize-project] error: ERROR ma'lumotlari
2025-04-08T04:43:58.088Z [sequelize-project] warn: WARN ma'lumotlari
2025-04-08T04:43:58.088Z [sequelize-project] info: INFO ma'lumotlari
2025-04-08T04:44:22.711Z [sequelize-project] error: Configuration property "tokenKey" is not defined
2025-04-08T04:47:58.768Z [sequelize-project] info: LOG ma'lumotlari
2025-04-08T04:47:58.771Z [sequelize-project] error: ERROR ma'lumotlari
2025-04-08T04:47:58.772Z [sequelize-project] warn: WARN ma'lumotlari
2025-04-08T04:47:58.772Z [sequelize-project] info: INFO ma'lumotlari
2025-04-08T04:48:04.151Z [sequelize-project] error: invalid signature
2025-04-08T04:48:35.713Z [sequelize-project] error: invalid signature
2025-04-08T04:50:29.321Z [sequelize-project] error: invalid signature
2025-04-08T04:50:35.602Z [sequelize-project] error: invalid signature
2025-04-08T04:51:38.441Z [sequelize-project] error: invalid signature
2025-04-08T04:51:52.773Z [sequelize-project] error: invalid signature
2025-04-08T04:52:02.175Z [sequelize-project] error: invalid signature
2025-04-08T04:53:19.578Z [sequelize-project] error: invalid signature
2025-04-08T04:57:17.322Z [sequelize-project] info: LOG ma'lumotlari
2025-04-08T04:57:17.326Z [sequelize-project] error: ERROR ma'lumotlari
2025-04-08T04:57:17.326Z [sequelize-project] warn: WARN ma'lumotlari
2025-04-08T04:57:17.327Z [sequelize-project] info: INFO ma'lumotlari
2025-04-08T04:57:18.566Z [sequelize-project] info: LOG ma'lumotlari
2025-04-08T04:57:18.569Z [sequelize-project] error: ERROR ma'lumotlari
2025-04-08T04:57:18.570Z [sequelize-project] warn: WARN ma'lumotlari
2025-04-08T04:57:18.570Z [sequelize-project] info: INFO ma'lumotlari
2025-04-08T04:57:38.016Z [sequelize-project] info: LOG ma'lumotlari
2025-04-08T04:57:38.020Z [sequelize-project] error: ERROR ma'lumotlari
2025-04-08T04:57:38.021Z [sequelize-project] warn: WARN ma'lumotlari
2025-04-08T04:57:38.021Z [sequelize-project] info: INFO ma'lumotlari
2025-04-08T05:14:53.935Z [sequelize-project] info: LOG ma'lumotlari
2025-04-08T05:14:53.951Z [sequelize-project] error: ERROR ma'lumotlari
2025-04-08T05:14:53.952Z [sequelize-project] warn: WARN ma'lumotlari
2025-04-08T05:14:53.952Z [sequelize-project] info: INFO ma'lumotlari
2025-04-08T05:14:54.997Z [sequelize-project] info: LOG ma'lumotlari
2025-04-08T05:14:55.000Z [sequelize-project] error: ERROR ma'lumotlari
2025-04-08T05:14:55.000Z [sequelize-project] warn: WARN ma'lumotlari
2025-04-08T05:14:55.001Z [sequelize-project] info: INFO ma'lumotlari
2025-04-08T05:31:27.499Z [sequelize-project] error: data and hash arguments required
2025-04-08T05:33:21.443Z [sequelize-project] error: Faqat super admin ruxsat etiladi
2025-04-08T05:35:02.708Z [sequelize-project] info: LOG ma'lumotlari
2025-04-08T05:35:02.726Z [sequelize-project] error: ERROR ma'lumotlari
2025-04-08T05:35:02.726Z [sequelize-project] warn: WARN ma'lumotlari
2025-04-08T05:35:02.727Z [sequelize-project] info: INFO ma'lumotlari
2025-04-08T06:25:11.312Z [sequelize-project] info: LOG ma'lumotlari
2025-04-08T06:25:11.317Z [sequelize-project] error: ERROR ma'lumotlari
2025-04-08T06:25:11.317Z [sequelize-project] warn: WARN ma'lumotlari
2025-04-08T06:25:11.317Z [sequelize-project] info: INFO ma'lumotlari
2025-04-08T06:25:12.532Z [sequelize-project] info: LOG ma'lumotlari
2025-04-08T06:25:12.537Z [sequelize-project] error: ERROR ma'lumotlari
2025-04-08T06:25:12.539Z [sequelize-project] warn: WARN ma'lumotlari
2025-04-08T06:25:12.539Z [sequelize-project] info: INFO ma'lumotlari
2025-04-08T07:20:57.792Z [sequelize-project] info: LOG ma'lumotlari
2025-04-08T07:20:57.797Z [sequelize-project] error: ERROR ma'lumotlari
2025-04-08T07:20:57.798Z [sequelize-project] warn: WARN ma'lumotlari
2025-04-08T07:20:57.798Z [sequelize-project] info: INFO ma'lumotlari
2025-04-08T07:20:58.989Z [sequelize-project] info: LOG ma'lumotlari
2025-04-08T07:20:58.992Z [sequelize-project] error: ERROR ma'lumotlari
2025-04-08T07:20:58.992Z [sequelize-project] warn: WARN ma'lumotlari
2025-04-08T07:20:58.993Z [sequelize-project] info: INFO ma'lumotlari
2025-04-08T07:21:01.743Z [sequelize-project] info: LOG ma'lumotlari
2025-04-08T07:21:01.746Z [sequelize-project] error: ERROR ma'lumotlari
2025-04-08T07:21:01.747Z [sequelize-project] warn: WARN ma'lumotlari
2025-04-08T07:21:01.747Z [sequelize-project] info: INFO ma'lumotlari
2025-04-08T07:21:12.381Z [sequelize-project] info: LOG ma'lumotlari
2025-04-08T07:21:12.385Z [sequelize-project] error: ERROR ma'lumotlari
2025-04-08T07:21:12.386Z [sequelize-project] warn: WARN ma'lumotlari
2025-04-08T07:21:12.387Z [sequelize-project] info: INFO ma'lumotlari
2025-04-08T07:21:13.429Z [sequelize-project] info: LOG ma'lumotlari
2025-04-08T07:21:13.432Z [sequelize-project] error: ERROR ma'lumotlari
2025-04-08T07:21:13.432Z [sequelize-project] warn: WARN ma'lumotlari
2025-04-08T07:21:13.433Z [sequelize-project] info: INFO ma'lumotlari
2025-04-08T07:21:27.969Z [sequelize-project] info: LOG ma'lumotlari
2025-04-08T07:21:27.971Z [sequelize-project] error: ERROR ma'lumotlari
2025-04-08T07:21:27.972Z [sequelize-project] warn: WARN ma'lumotlari
2025-04-08T07:21:27.972Z [sequelize-project] info: INFO ma'lumotlari
2025-04-08T07:22:42.551Z [sequelize-project] error: Siz faqat ozingizning ma'lumotlaringizga ruxsatingiz bor.
2025-04-08T07:24:05.521Z [sequelize-project] info: LOG ma'lumotlari
2025-04-08T07:24:05.525Z [sequelize-project] error: ERROR ma'lumotlari
2025-04-08T07:24:05.527Z [sequelize-project] warn: WARN ma'lumotlari
2025-04-08T07:24:05.527Z [sequelize-project] info: INFO ma'lumotlari
2025-04-08T07:25:18.270Z [sequelize-project] error: Siz faqat ozingizning ma'lumotlaringizga ruxsatingiz bor.
2025-04-08T07:25:28.396Z [sequelize-project] error: Siz faqat ozingizning ma'lumotlaringizga ruxsatingiz bor.
2025-04-08T07:25:38.116Z [sequelize-project] error: Siz faqat ozingizning ma'lumotlaringizga ruxsatingiz bor.
2025-04-08T07:25:39.578Z [sequelize-project] error: Siz faqat ozingizning ma'lumotlaringizga ruxsatingiz bor.
2025-04-08T11:24:59.828Z [sequelize-project] error: Siz faqat ozingizning ma'lumotlaringizga ruxsatingiz bor.
2025-04-08T11:29:03.610Z [sequelize-project] info: LOG ma'lumotlari
2025-04-08T11:29:03.616Z [sequelize-project] error: ERROR ma'lumotlari
2025-04-08T11:29:03.617Z [sequelize-project] warn: WARN ma'lumotlari
2025-04-08T11:29:03.617Z [sequelize-project] info: INFO ma'lumotlari
2025-04-08T11:29:04.463Z [sequelize-project] info: LOG ma'lumotlari
2025-04-08T11:29:04.465Z [sequelize-project] error: ERROR ma'lumotlari
2025-04-08T11:29:04.466Z [sequelize-project] warn: WARN ma'lumotlari
2025-04-08T11:29:04.466Z [sequelize-project] info: INFO ma'lumotlari
2025-04-08T11:31:50.582Z [sequelize-project] error: Siz faqat ozingizning ma'lumotlaringizga ruxsatingiz bor.
2025-04-08T11:38:13.704Z [sequelize-project] info: LOG ma'lumotlari
2025-04-08T11:38:13.706Z [sequelize-project] error: ERROR ma'lumotlari
2025-04-08T11:38:13.707Z [sequelize-project] warn: WARN ma'lumotlari
2025-04-08T11:38:13.707Z [sequelize-project] info: INFO ma'lumotlari
2025-04-08T11:39:21.046Z [sequelize-project] info: LOG ma'lumotlari
2025-04-08T11:39:21.048Z [sequelize-project] error: ERROR ma'lumotlari
2025-04-08T11:39:21.049Z [sequelize-project] warn: WARN ma'lumotlari
2025-04-08T11:39:21.049Z [sequelize-project] info: INFO ma'lumotlari
2025-04-08T11:39:22.855Z [sequelize-project] info: LOG ma'lumotlari
2025-04-08T11:39:22.857Z [sequelize-project] error: ERROR ma'lumotlari
2025-04-08T11:39:22.858Z [sequelize-project] warn: WARN ma'lumotlari
2025-04-08T11:39:22.858Z [sequelize-project] info: INFO ma'lumotlari
2025-04-08T11:39:26.534Z [sequelize-project] info: LOG ma'lumotlari
2025-04-08T11:39:26.536Z [sequelize-project] error: ERROR ma'lumotlari
2025-04-08T11:39:26.536Z [sequelize-project] warn: WARN ma'lumotlari
2025-04-08T11:39:26.536Z [sequelize-project] info: INFO ma'lumotlari
2025-04-08T11:39:49.722Z [sequelize-project] info: LOG ma'lumotlari
2025-04-08T11:39:49.724Z [sequelize-project] error: ERROR ma'lumotlari
2025-04-08T11:39:49.725Z [sequelize-project] warn: WARN ma'lumotlari
2025-04-08T11:39:49.725Z [sequelize-project] info: INFO ma'lumotlari
2025-04-08T11:40:57.938Z [sequelize-project] info: LOG ma'lumotlari
2025-04-08T11:40:57.941Z [sequelize-project] error: ERROR ma'lumotlari
2025-04-08T11:40:57.942Z [sequelize-project] warn: WARN ma'lumotlari
2025-04-08T11:40:57.942Z [sequelize-project] info: INFO ma'lumotlari
2025-04-08T11:40:59.546Z [sequelize-project] info: LOG ma'lumotlari
2025-04-08T11:40:59.548Z [sequelize-project] error: ERROR ma'lumotlari
2025-04-08T11:40:59.549Z [sequelize-project] warn: WARN ma'lumotlari
2025-04-08T11:40:59.549Z [sequelize-project] info: INFO ma'lumotlari
2025-04-08T11:41:01.044Z [sequelize-project] info: LOG ma'lumotlari
2025-04-08T11:41:01.047Z [sequelize-project] error: ERROR ma'lumotlari
2025-04-08T11:41:01.047Z [sequelize-project] warn: WARN ma'lumotlari
2025-04-08T11:41:01.047Z [sequelize-project] info: INFO ma'lumotlari
2025-04-08T11:41:02.640Z [sequelize-project] info: LOG ma'lumotlari
2025-04-08T11:41:02.642Z [sequelize-project] error: ERROR ma'lumotlari
2025-04-08T11:41:02.642Z [sequelize-project] warn: WARN ma'lumotlari
2025-04-08T11:41:02.643Z [sequelize-project] info: INFO ma'lumotlari
2025-04-08T11:41:09.516Z [sequelize-project] info: LOG ma'lumotlari
2025-04-08T11:41:09.517Z [sequelize-project] error: ERROR ma'lumotlari
2025-04-08T11:41:09.518Z [sequelize-project] warn: WARN ma'lumotlari
2025-04-08T11:41:09.519Z [sequelize-project] info: INFO ma'lumotlari
2025-04-08T11:41:23.306Z [sequelize-project] info: LOG ma'lumotlari
2025-04-08T11:41:23.309Z [sequelize-project] error: ERROR ma'lumotlari
2025-04-08T11:41:23.309Z [sequelize-project] warn: WARN ma'lumotlari
2025-04-08T11:41:23.310Z [sequelize-project] info: INFO ma'lumotlari
2025-04-08T11:41:26.746Z [sequelize-project] info: LOG ma'lumotlari
2025-04-08T11:41:26.748Z [sequelize-project] error: ERROR ma'lumotlari
2025-04-08T11:41:26.749Z [sequelize-project] warn: WARN ma'lumotlari
2025-04-08T11:41:26.749Z [sequelize-project] info: INFO ma'lumotlari
2025-04-08T11:48:47.351Z [sequelize-project] info: LOG ma'lumotlari
2025-04-08T11:48:47.354Z [sequelize-project] error: ERROR ma'lumotlari
2025-04-08T11:48:47.354Z [sequelize-project] warn: WARN ma'lumotlari
2025-04-08T11:48:47.355Z [sequelize-project] info: INFO ma'lumotlari
2025-04-08T11:48:50.224Z [sequelize-project] info: LOG ma'lumotlari
2025-04-08T11:48:50.226Z [sequelize-project] error: ERROR ma'lumotlari
2025-04-08T11:48:50.227Z [sequelize-project] warn: WARN ma'lumotlari
2025-04-08T11:48:50.227Z [sequelize-project] info: INFO ma'lumotlari
2025-04-08T11:48:53.544Z [sequelize-project] info: LOG ma'lumotlari
2025-04-08T11:48:53.546Z [sequelize-project] error: ERROR ma'lumotlari
2025-04-08T11:48:53.547Z [sequelize-project] warn: WARN ma'lumotlari
2025-04-08T11:48:53.547Z [sequelize-project] info: INFO ma'lumotlari
2025-04-08T11:48:56.061Z [sequelize-project] info: LOG ma'lumotlari
2025-04-08T11:48:56.063Z [sequelize-project] error: ERROR ma'lumotlari
2025-04-08T11:48:56.063Z [sequelize-project] warn: WARN ma'lumotlari
2025-04-08T11:48:56.064Z [sequelize-project] info: INFO ma'lumotlari
2025-04-08T11:49:38.401Z [sequelize-project] info: LOG ma'lumotlari
2025-04-08T11:49:38.403Z [sequelize-project] error: ERROR ma'lumotlari
2025-04-08T11:49:38.403Z [sequelize-project] warn: WARN ma'lumotlari
2025-04-08T11:49:38.404Z [sequelize-project] info: INFO ma'lumotlari
2025-04-08T11:49:51.993Z [sequelize-project] info: LOG ma'lumotlari
2025-04-08T11:49:51.995Z [sequelize-project] error: ERROR ma'lumotlari
2025-04-08T11:49:51.996Z [sequelize-project] warn: WARN ma'lumotlari
2025-04-08T11:49:51.996Z [sequelize-project] info: INFO ma'lumotlari
2025-04-08T11:50:07.274Z [sequelize-project] info: LOG ma'lumotlari
2025-04-08T11:50:07.276Z [sequelize-project] error: ERROR ma'lumotlari
2025-04-08T11:50:07.277Z [sequelize-project] warn: WARN ma'lumotlari
2025-04-08T11:50:07.277Z [sequelize-project] info: INFO ma'lumotlari
2025-04-08T11:52:30.541Z [sequelize-project] info: LOG ma'lumotlari
2025-04-08T11:52:30.544Z [sequelize-project] error: ERROR ma'lumotlari
2025-04-08T11:52:30.544Z [sequelize-project] warn: WARN ma'lumotlari
2025-04-08T11:52:30.545Z [sequelize-project] info: INFO ma'lumotlari
2025-04-08T11:53:13.549Z [sequelize-project] info: LOG ma'lumotlari
2025-04-08T11:53:13.551Z [sequelize-project] error: ERROR ma'lumotlari
2025-04-08T11:53:13.552Z [sequelize-project] warn: WARN ma'lumotlari
2025-04-08T11:53:13.552Z [sequelize-project] info: INFO ma'lumotlari
2025-04-08T11:53:16.502Z [sequelize-project] info: LOG ma'lumotlari
2025-04-08T11:53:16.504Z [sequelize-project] error: ERROR ma'lumotlari
2025-04-08T11:53:16.505Z [sequelize-project] warn: WARN ma'lumotlari
2025-04-08T11:53:16.505Z [sequelize-project] info: INFO ma'lumotlari
2025-04-08T11:53:18.242Z [sequelize-project] info: LOG ma'lumotlari
2025-04-08T11:53:18.244Z [sequelize-project] error: ERROR ma'lumotlari
2025-04-08T11:53:18.245Z [sequelize-project] warn: WARN ma'lumotlari
2025-04-08T11:53:18.245Z [sequelize-project] info: INFO ma'lumotlari
2025-04-08T11:53:19.980Z [sequelize-project] info: LOG ma'lumotlari
2025-04-08T11:53:19.982Z [sequelize-project] error: ERROR ma'lumotlari
2025-04-08T11:53:19.983Z [sequelize-project] warn: WARN ma'lumotlari
2025-04-08T11:53:19.983Z [sequelize-project] info: INFO ma'lumotlari
2025-04-08T11:53:23.116Z [sequelize-project] info: LOG ma'lumotlari
2025-04-08T11:53:23.118Z [sequelize-project] error: ERROR ma'lumotlari
2025-04-08T11:53:23.119Z [sequelize-project] warn: WARN ma'lumotlari
2025-04-08T11:53:23.119Z [sequelize-project] info: INFO ma'lumotlari
2025-04-08T11:55:13.386Z [sequelize-project] info: LOG ma'lumotlari
2025-04-08T11:55:13.388Z [sequelize-project] error: ERROR ma'lumotlari
2025-04-08T11:55:13.389Z [sequelize-project] warn: WARN ma'lumotlari
2025-04-08T11:55:13.389Z [sequelize-project] info: INFO ma'lumotlari
2025-04-08T11:56:12.584Z [sequelize-project] error: invalid signature
2025-04-08T11:57:00.098Z [sequelize-project] error: invalid signature
2025-04-08T11:57:13.879Z [sequelize-project] error: invalid signature
2025-04-08T11:59:01.471Z [sequelize-project] info: LOG ma'lumotlari
2025-04-08T11:59:01.473Z [sequelize-project] error: ERROR ma'lumotlari
2025-04-08T11:59:01.474Z [sequelize-project] warn: WARN ma'lumotlari
2025-04-08T11:59:01.474Z [sequelize-project] info: INFO ma'lumotlari
2025-04-08T11:59:02.499Z [sequelize-project] info: LOG ma'lumotlari
2025-04-08T11:59:02.501Z [sequelize-project] error: ERROR ma'lumotlari
2025-04-08T11:59:02.502Z [sequelize-project] warn: WARN ma'lumotlari
2025-04-08T11:59:02.502Z [sequelize-project] info: INFO ma'lumotlari
2025-04-08T11:59:08.323Z [sequelize-project] info: LOG ma'lumotlari
2025-04-08T11:59:08.325Z [sequelize-project] error: ERROR ma'lumotlari
2025-04-08T11:59:08.326Z [sequelize-project] warn: WARN ma'lumotlari
2025-04-08T11:59:08.326Z [sequelize-project] info: INFO ma'lumotlari
2025-04-08T11:59:26.890Z [sequelize-project] error: invalid signature
2025-04-08T11:59:28.492Z [sequelize-project] error: invalid signature
2025-04-08T12:00:28.819Z [sequelize-project] info: LOG ma'lumotlari
2025-04-08T12:00:28.822Z [sequelize-project] error: ERROR ma'lumotlari
2025-04-08T12:00:28.823Z [sequelize-project] warn: WARN ma'lumotlari
2025-04-08T12:00:28.824Z [sequelize-project] info: INFO ma'lumotlari
2025-04-08T12:00:34.637Z [sequelize-project] info: LOG ma'lumotlari
2025-04-08T12:00:34.639Z [sequelize-project] error: ERROR ma'lumotlari
2025-04-08T12:00:34.640Z [sequelize-project] warn: WARN ma'lumotlari
2025-04-08T12:00:34.640Z [sequelize-project] info: INFO ma'lumotlari
2025-04-08T12:00:40.126Z [sequelize-project] info: LOG ma'lumotlari
2025-04-08T12:00:40.128Z [sequelize-project] error: ERROR ma'lumotlari
2025-04-08T12:00:40.129Z [sequelize-project] warn: WARN ma'lumotlari
2025-04-08T12:00:40.129Z [sequelize-project] info: INFO ma'lumotlari
2025-04-08T12:00:41.582Z [sequelize-project] info: LOG ma'lumotlari
2025-04-08T12:00:41.584Z [sequelize-project] error: ERROR ma'lumotlari
2025-04-08T12:00:41.585Z [sequelize-project] warn: WARN ma'lumotlari
2025-04-08T12:00:41.585Z [sequelize-project] info: INFO ma'lumotlari
2025-04-08T12:00:56.092Z [sequelize-project] info: LOG ma'lumotlari
2025-04-08T12:00:56.094Z [sequelize-project] error: ERROR ma'lumotlari
2025-04-08T12:00:56.095Z [sequelize-project] warn: WARN ma'lumotlari
2025-04-08T12:00:56.095Z [sequelize-project] info: INFO ma'lumotlari
2025-04-08T12:14:14.921Z [sequelize-project] info: LOG ma'lumotlari
2025-04-08T12:14:14.923Z [sequelize-project] error: ERROR ma'lumotlari
2025-04-08T12:14:14.923Z [sequelize-project] warn: WARN ma'lumotlari
2025-04-08T12:14:14.923Z [sequelize-project] info: INFO ma'lumotlari
2025-04-08T12:14:20.009Z [sequelize-project] info: LOG ma'lumotlari
2025-04-08T12:14:20.012Z [sequelize-project] error: ERROR ma'lumotlari
2025-04-08T12:14:20.013Z [sequelize-project] warn: WARN ma'lumotlari
2025-04-08T12:14:20.013Z [sequelize-project] info: INFO ma'lumotlari
2025-04-08T12:14:54.813Z [sequelize-project] info: LOG ma'lumotlari
2025-04-08T12:14:54.815Z [sequelize-project] error: ERROR ma'lumotlari
2025-04-08T12:14:54.816Z [sequelize-project] warn: WARN ma'lumotlari
2025-04-08T12:14:54.817Z [sequelize-project] info: INFO ma'lumotlari
2025-04-08T12:15:16.937Z [sequelize-project] info: LOG ma'lumotlari
2025-04-08T12:15:16.939Z [sequelize-project] error: ERROR ma'lumotlari
2025-04-08T12:15:16.940Z [sequelize-project] warn: WARN ma'lumotlari
2025-04-08T12:15:16.940Z [sequelize-project] info: INFO ma'lumotlari
2025-04-08T12:15:40.582Z [sequelize-project] info: LOG ma'lumotlari
2025-04-08T12:15:40.584Z [sequelize-project] error: ERROR ma'lumotlari
2025-04-08T12:15:40.585Z [sequelize-project] warn: WARN ma'lumotlari
2025-04-08T12:15:40.585Z [sequelize-project] info: INFO ma'lumotlari
2025-04-08T12:16:27.766Z [sequelize-project] error: Faqat super admin ruxsat etiladi.
2025-04-08T12:23:49.111Z [sequelize-project] error: Faqat super admin ruxsat etiladi.
2025-04-08T12:24:32.963Z [sequelize-project] info: LOG ma'lumotlari
2025-04-08T12:24:32.965Z [sequelize-project] error: ERROR ma'lumotlari
2025-04-08T12:24:32.965Z [sequelize-project] warn: WARN ma'lumotlari
2025-04-08T12:24:32.965Z [sequelize-project] info: INFO ma'lumotlari
2025-04-08T12:24:50.430Z [sequelize-project] info: LOG ma'lumotlari
2025-04-08T12:24:50.432Z [sequelize-project] error: ERROR ma'lumotlari
2025-04-08T12:24:50.433Z [sequelize-project] warn: WARN ma'lumotlari
2025-04-08T12:24:50.433Z [sequelize-project] info: INFO ma'lumotlari
2025-04-08T12:25:20.109Z [sequelize-project] error: Expected double-quoted property name in JSON at position 57 (line 4 column 1)
2025-04-08T12:28:48.176Z [sequelize-project] info: LOG ma'lumotlari
2025-04-08T12:28:48.178Z [sequelize-project] error: ERROR ma'lumotlari
2025-04-08T12:28:48.179Z [sequelize-project] warn: WARN ma'lumotlari
2025-04-08T12:28:48.179Z [sequelize-project] info: INFO ma'lumotlari
2025-04-08T12:28:50.766Z [sequelize-project] info: LOG ma'lumotlari
2025-04-08T12:28:50.768Z [sequelize-project] error: ERROR ma'lumotlari
2025-04-08T12:28:50.768Z [sequelize-project] warn: WARN ma'lumotlari
2025-04-08T12:28:50.768Z [sequelize-project] info: INFO ma'lumotlari
2025-04-08T12:28:51.846Z [sequelize-project] info: LOG ma'lumotlari
2025-04-08T12:28:51.848Z [sequelize-project] error: ERROR ma'lumotlari
2025-04-08T12:28:51.848Z [sequelize-project] warn: WARN ma'lumotlari
2025-04-08T12:28:51.848Z [sequelize-project] info: INFO ma'lumotlari
2025-04-08T12:29:16.350Z [sequelize-project] info: LOG ma'lumotlari
2025-04-08T12:29:16.352Z [sequelize-project] error: ERROR ma'lumotlari
2025-04-08T12:29:16.353Z [sequelize-project] warn: WARN ma'lumotlari
2025-04-08T12:29:16.353Z [sequelize-project] info: INFO ma'lumotlari
2025-04-08T12:29:17.202Z [sequelize-project] info: LOG ma'lumotlari
2025-04-08T12:29:17.204Z [sequelize-project] error: ERROR ma'lumotlari
2025-04-08T12:29:17.205Z [sequelize-project] warn: WARN ma'lumotlari
2025-04-08T12:29:17.205Z [sequelize-project] info: INFO ma'lumotlari
2025-04-08T12:31:51.509Z [sequelize-project] info: LOG ma'lumotlari
2025-04-08T12:31:51.510Z [sequelize-project] error: ERROR ma'lumotlari
2025-04-08T12:31:51.511Z [sequelize-project] warn: WARN ma'lumotlari
2025-04-08T12:31:51.511Z [sequelize-project] info: INFO ma'lumotlari
2025-04-08T12:32:40.220Z [sequelize-project] info: LOG ma'lumotlari
2025-04-08T12:32:40.222Z [sequelize-project] error: ERROR ma'lumotlari
2025-04-08T12:32:40.222Z [sequelize-project] warn: WARN ma'lumotlari
2025-04-08T12:32:40.223Z [sequelize-project] info: INFO ma'lumotlari
2025-04-08T12:33:13.850Z [sequelize-project] info: LOG ma'lumotlari
2025-04-08T12:33:13.852Z [sequelize-project] error: ERROR ma'lumotlari
2025-04-08T12:33:13.853Z [sequelize-project] warn: WARN ma'lumotlari
2025-04-08T12:33:13.854Z [sequelize-project] info: INFO ma'lumotlari
2025-04-08T12:33:22.941Z [sequelize-project] info: LOG ma'lumotlari
2025-04-08T12:33:22.943Z [sequelize-project] error: ERROR ma'lumotlari
2025-04-08T12:33:22.943Z [sequelize-project] warn: WARN ma'lumotlari
2025-04-08T12:33:22.944Z [sequelize-project] info: INFO ma'lumotlari
2025-04-08T12:33:24.095Z [sequelize-project] info: LOG ma'lumotlari
2025-04-08T12:33:24.098Z [sequelize-project] error: ERROR ma'lumotlari
2025-04-08T12:33:24.098Z [sequelize-project] warn: WARN ma'lumotlari
2025-04-08T12:33:24.099Z [sequelize-project] info: INFO ma'lumotlari
2025-04-08T12:33:45.824Z [sequelize-project] info: LOG ma'lumotlari
2025-04-08T12:33:45.827Z [sequelize-project] error: ERROR ma'lumotlari
2025-04-08T12:33:45.827Z [sequelize-project] warn: WARN ma'lumotlari
2025-04-08T12:33:45.827Z [sequelize-project] info: INFO ma'lumotlari
2025-04-08T12:33:47.147Z [sequelize-project] info: LOG ma'lumotlari
2025-04-08T12:33:47.149Z [sequelize-project] error: ERROR ma'lumotlari
2025-04-08T12:33:47.150Z [sequelize-project] warn: WARN ma'lumotlari
2025-04-08T12:33:47.150Z [sequelize-project] info: INFO ma'lumotlari
2025-04-08T12:33:57.520Z [sequelize-project] info: LOG ma'lumotlari
2025-04-08T12:33:57.522Z [sequelize-project] error: ERROR ma'lumotlari
2025-04-08T12:33:57.523Z [sequelize-project] warn: WARN ma'lumotlari
2025-04-08T12:33:57.523Z [sequelize-project] info: INFO ma'lumotlari
2025-04-08T12:35:31.030Z [sequelize-project] info: LOG ma'lumotlari
2025-04-08T12:35:31.032Z [sequelize-project] error: ERROR ma'lumotlari
2025-04-08T12:35:31.032Z [sequelize-project] warn: WARN ma'lumotlari
2025-04-08T12:35:31.032Z [sequelize-project] info: INFO ma'lumotlari
2025-04-08T12:35:42.061Z [sequelize-project] info: LOG ma'lumotlari
2025-04-08T12:35:42.063Z [sequelize-project] error: ERROR ma'lumotlari
2025-04-08T12:35:42.064Z [sequelize-project] warn: WARN ma'lumotlari
2025-04-08T12:35:42.064Z [sequelize-project] info: INFO ma'lumotlari
2025-04-08T12:35:59.652Z [sequelize-project] error: Cannot read properties of undefined (reading 'role')
2025-04-08T12:37:27.390Z [sequelize-project] info: LOG ma'lumotlari
2025-04-08T12:37:27.392Z [sequelize-project] error: ERROR ma'lumotlari
2025-04-08T12:37:27.392Z [sequelize-project] warn: WARN ma'lumotlari
2025-04-08T12:37:27.392Z [sequelize-project] info: INFO ma'lumotlari
2025-04-08T12:38:03.968Z [sequelize-project] info: LOG ma'lumotlari
2025-04-08T12:38:03.971Z [sequelize-project] error: ERROR ma'lumotlari
2025-04-08T12:38:03.972Z [sequelize-project] warn: WARN ma'lumotlari
2025-04-08T12:38:03.973Z [sequelize-project] info: INFO ma'lumotlari
2025-04-08T12:38:05.260Z [sequelize-project] info: LOG ma'lumotlari
2025-04-08T12:38:05.263Z [sequelize-project] error: ERROR ma'lumotlari
2025-04-08T12:38:05.263Z [sequelize-project] warn: WARN ma'lumotlari
2025-04-08T12:38:05.264Z [sequelize-project] info: INFO ma'lumotlari
2025-04-08T12:38:06.597Z [sequelize-project] info: LOG ma'lumotlari
2025-04-08T12:38:06.599Z [sequelize-project] error: ERROR ma'lumotlari
2025-04-08T12:38:06.599Z [sequelize-project] warn: WARN ma'lumotlari
2025-04-08T12:38:06.600Z [sequelize-project] info: INFO ma'lumotlari
2025-04-08T12:39:00.995Z [sequelize-project] info: LOG ma'lumotlari
2025-04-08T12:39:00.997Z [sequelize-project] error: ERROR ma'lumotlari
2025-04-08T12:39:00.998Z [sequelize-project] warn: WARN ma'lumotlari
2025-04-08T12:39:00.998Z [sequelize-project] info: INFO ma'lumotlari
2025-04-08T12:39:53.170Z [sequelize-project] info: LOG ma'lumotlari
2025-04-08T12:39:53.172Z [sequelize-project] error: ERROR ma'lumotlari
2025-04-08T12:39:53.172Z [sequelize-project] warn: WARN ma'lumotlari
2025-04-08T12:39:53.173Z [sequelize-project] info: INFO ma'lumotlari
2025-04-08T12:39:55.489Z [sequelize-project] info: LOG ma'lumotlari
2025-04-08T12:39:55.491Z [sequelize-project] error: ERROR ma'lumotlari
2025-04-08T12:39:55.492Z [sequelize-project] warn: WARN ma'lumotlari
2025-04-08T12:39:55.492Z [sequelize-project] info: INFO ma'lumotlari
2025-04-08T12:39:57.307Z [sequelize-project] info: LOG ma'lumotlari
2025-04-08T12:39:57.309Z [sequelize-project] error: ERROR ma'lumotlari
2025-04-08T12:39:57.310Z [sequelize-project] warn: WARN ma'lumotlari
2025-04-08T12:39:57.310Z [sequelize-project] info: INFO ma'lumotlari
2025-04-08T12:40:04.499Z [sequelize-project] info: LOG ma'lumotlari
2025-04-08T12:40:04.501Z [sequelize-project] error: ERROR ma'lumotlari
2025-04-08T12:40:04.502Z [sequelize-project] warn: WARN ma'lumotlari
2025-04-08T12:40:04.502Z [sequelize-project] info: INFO ma'lumotlari
2025-04-08T12:40:47.882Z [sequelize-project] info: LOG ma'lumotlari
2025-04-08T12:40:47.884Z [sequelize-project] error: ERROR ma'lumotlari
2025-04-08T12:40:47.885Z [sequelize-project] warn: WARN ma'lumotlari
2025-04-08T12:40:47.886Z [sequelize-project] info: INFO ma'lumotlari
2025-04-08T12:41:08.928Z [sequelize-project] info: LOG ma'lumotlari
2025-04-08T12:41:08.930Z [sequelize-project] error: ERROR ma'lumotlari
2025-04-08T12:41:08.931Z [sequelize-project] warn: WARN ma'lumotlari
2025-04-08T12:41:08.931Z [sequelize-project] info: INFO ma'lumotlari
2025-04-08T12:41:20.934Z [sequelize-project] info: LOG ma'lumotlari
2025-04-08T12:41:20.936Z [sequelize-project] error: ERROR ma'lumotlari
2025-04-08T12:41:20.936Z [sequelize-project] warn: WARN ma'lumotlari
2025-04-08T12:41:20.936Z [sequelize-project] info: INFO ma'lumotlari
2025-04-08T12:41:30.152Z [sequelize-project] info: LOG ma'lumotlari
2025-04-08T12:41:30.154Z [sequelize-project] error: ERROR ma'lumotlari
2025-04-08T12:41:30.154Z [sequelize-project] warn: WARN ma'lumotlari
2025-04-08T12:41:30.155Z [sequelize-project] info: INFO ma'lumotlari
2025-04-08T12:42:19.328Z [sequelize-project] info: LOG ma'lumotlari
2025-04-08T12:42:19.330Z [sequelize-project] error: ERROR ma'lumotlari
2025-04-08T12:42:19.331Z [sequelize-project] warn: WARN ma'lumotlari
2025-04-08T12:42:19.331Z [sequelize-project] info: INFO ma'lumotlari
2025-04-08T12:42:24.251Z [sequelize-project] info: LOG ma'lumotlari
2025-04-08T12:42:24.253Z [sequelize-project] error: ERROR ma'lumotlari
2025-04-08T12:42:24.254Z [sequelize-project] warn: WARN ma'lumotlari
2025-04-08T12:42:24.254Z [sequelize-project] info: INFO ma'lumotlari
2025-04-08T12:42:28.648Z [sequelize-project] info: LOG ma'lumotlari
2025-04-08T12:42:28.650Z [sequelize-project] error: ERROR ma'lumotlari
2025-04-08T12:42:28.651Z [sequelize-project] warn: WARN ma'lumotlari
2025-04-08T12:42:28.651Z [sequelize-project] info: INFO ma'lumotlari
2025-04-08T12:42:40.571Z [sequelize-project] info: LOG ma'lumotlari
2025-04-08T12:42:40.573Z [sequelize-project] error: ERROR ma'lumotlari
2025-04-08T12:42:40.573Z [sequelize-project] warn: WARN ma'lumotlari
2025-04-08T12:42:40.574Z [sequelize-project] info: INFO ma'lumotlari
2025-04-08T12:42:51.083Z [sequelize-project] info: LOG ma'lumotlari
2025-04-08T12:42:51.085Z [sequelize-project] error: ERROR ma'lumotlari
2025-04-08T12:42:51.086Z [sequelize-project] warn: WARN ma'lumotlari
2025-04-08T12:42:51.086Z [sequelize-project] info: INFO ma'lumotlari
2025-04-08T12:55:28.273Z [sequelize-project] info: LOG ma'lumotlari
2025-04-08T12:55:28.275Z [sequelize-project] error: ERROR ma'lumotlari
2025-04-08T12:55:28.275Z [sequelize-project] warn: WARN ma'lumotlari
2025-04-08T12:55:28.275Z [sequelize-project] info: INFO ma'lumotlari
2025-04-08T12:55:29.087Z [sequelize-project] info: LOG ma'lumotlari
2025-04-08T12:55:29.089Z [sequelize-project] error: ERROR ma'lumotlari
2025-04-08T12:55:29.090Z [sequelize-project] warn: WARN ma'lumotlari
2025-04-08T12:55:29.090Z [sequelize-project] info: INFO ma'lumotlari
2025-04-08T12:55:33.390Z [sequelize-project] info: LOG ma'lumotlari
2025-04-08T12:55:33.392Z [sequelize-project] error: ERROR ma'lumotlari
2025-04-08T12:55:33.393Z [sequelize-project] warn: WARN ma'lumotlari
2025-04-08T12:55:33.393Z [sequelize-project] info: INFO ma'lumotlari
2025-04-08T12:55:37.604Z [sequelize-project] info: LOG ma'lumotlari
2025-04-08T12:55:37.607Z [sequelize-project] error: ERROR ma'lumotlari
2025-04-08T12:55:37.608Z [sequelize-project] warn: WARN ma'lumotlari
2025-04-08T12:55:37.608Z [sequelize-project] info: INFO ma'lumotlari
2025-04-08T12:56:03.458Z [sequelize-project] info: LOG ma'lumotlari
2025-04-08T12:56:03.460Z [sequelize-project] error: ERROR ma'lumotlari
2025-04-08T12:56:03.460Z [sequelize-project] warn: WARN ma'lumotlari
2025-04-08T12:56:03.460Z [sequelize-project] info: INFO ma'lumotlari
2025-04-08T12:56:10.884Z [sequelize-project] info: LOG ma'lumotlari
2025-04-08T12:56:10.886Z [sequelize-project] error: ERROR ma'lumotlari
2025-04-08T12:56:10.887Z [sequelize-project] warn: WARN ma'lumotlari
2025-04-08T12:56:10.887Z [sequelize-project] info: INFO ma'lumotlari
2025-04-08T12:56:13.915Z [sequelize-project] info: LOG ma'lumotlari
2025-04-08T12:56:13.917Z [sequelize-project] error: ERROR ma'lumotlari
2025-04-08T12:56:13.917Z [sequelize-project] warn: WARN ma'lumotlari
2025-04-08T12:56:13.917Z [sequelize-project] info: INFO ma'lumotlari
2025-04-08T12:56:19.243Z [sequelize-project] info: LOG ma'lumotlari
2025-04-08T12:56:19.246Z [sequelize-project] error: ERROR ma'lumotlari
2025-04-08T12:56:19.246Z [sequelize-project] warn: WARN ma'lumotlari
2025-04-08T12:56:19.246Z [sequelize-project] info: INFO ma'lumotlari
2025-04-08T12:56:22.168Z [sequelize-project] info: LOG ma'lumotlari
2025-04-08T12:56:22.170Z [sequelize-project] error: ERROR ma'lumotlari
2025-04-08T12:56:22.171Z [sequelize-project] warn: WARN ma'lumotlari
2025-04-08T12:56:22.171Z [sequelize-project] info: INFO ma'lumotlari
2025-04-08T12:56:44.122Z [sequelize-project] info: LOG ma'lumotlari
2025-04-08T12:56:44.124Z [sequelize-project] error: ERROR ma'lumotlari
2025-04-08T12:56:44.125Z [sequelize-project] warn: WARN ma'lumotlari
2025-04-08T12:56:44.125Z [sequelize-project] info: INFO ma'lumotlari
2025-04-08T12:56:53.158Z [sequelize-project] info: LOG ma'lumotlari
2025-04-08T12:56:53.161Z [sequelize-project] error: ERROR ma'lumotlari
2025-04-08T12:56:53.162Z [sequelize-project] warn: WARN ma'lumotlari
2025-04-08T12:56:53.162Z [sequelize-project] info: INFO ma'lumotlari
2025-04-08T12:56:57.315Z [sequelize-project] info: LOG ma'lumotlari
2025-04-08T12:56:57.317Z [sequelize-project] error: ERROR ma'lumotlari
2025-04-08T12:56:57.318Z [sequelize-project] warn: WARN ma'lumotlari
2025-04-08T12:56:57.318Z [sequelize-project] info: INFO ma'lumotlari
2025-04-08T12:56:59.108Z [sequelize-project] info: LOG ma'lumotlari
2025-04-08T12:56:59.110Z [sequelize-project] error: ERROR ma'lumotlari
2025-04-08T12:56:59.111Z [sequelize-project] warn: WARN ma'lumotlari
2025-04-08T12:56:59.111Z [sequelize-project] info: INFO ma'lumotlari
2025-04-08T12:57:21.630Z [sequelize-project] info: LOG ma'lumotlari
2025-04-08T12:57:21.632Z [sequelize-project] error: ERROR ma'lumotlari
2025-04-08T12:57:21.633Z [sequelize-project] warn: WARN ma'lumotlari
2025-04-08T12:57:21.633Z [sequelize-project] info: INFO ma'lumotlari
2025-04-08T12:57:36.775Z [sequelize-project] info: LOG ma'lumotlari
2025-04-08T12:57:36.777Z [sequelize-project] error: ERROR ma'lumotlari
2025-04-08T12:57:36.778Z [sequelize-project] warn: WARN ma'lumotlari
2025-04-08T12:57:36.778Z [sequelize-project] info: INFO ma'lumotlari
2025-04-08T12:58:27.185Z [sequelize-project] error: Cannot read properties of undefined (reading 'role')
2025-04-08T13:04:57.239Z [sequelize-project] error: Cannot read properties of undefined (reading 'role')
2025-04-08T13:11:02.197Z [sequelize-project] error: Admin boshqasiga kirishga ruxsat yo'q
2025-04-08T13:12:13.734Z [sequelize-project] error: Admin boshqasiga kirishga ruxsat yo'q
2025-04-08T13:13:24.874Z [sequelize-project] error: Cannot read properties of undefined (reading 'is_creater')
2025-04-08T13:15:57.199Z [sequelize-project] error: Cannot read properties of undefined (reading 'role')
2025-04-08T13:18:29.832Z [sequelize-project] error: Cannot read properties of undefined (reading 'role')
2025-04-08T13:19:22.804Z [sequelize-project] error: Cannot read properties of undefined (reading 'role')
2025-04-08T16:58:27.907Z [sequelize-project] error: Owner boshqasiga kirishga ruxsat yo'q
2025-04-08T17:10:15.942Z [sequelize-project] error: Cannot read properties of undefined (reading 'role')
2025-04-08T17:11:21.778Z [sequelize-project] error: Cannot read properties of undefined (reading 'role')
2025-04-08T17:11:27.608Z [sequelize-project] error: Cannot read properties of undefined (reading 'role')
2025-04-08T17:11:28.979Z [sequelize-project] error: Cannot read properties of undefined (reading 'role')
2025-04-08T17:14:15.341Z [sequelize-project] error: Cannot read properties of undefined (reading 'role')
2025-04-08T17:33:06.703Z [sequelize-project] error: Cannot convert object to primitive value
2025-04-08T17:33:12.553Z [sequelize-project] error: Cannot convert object to primitive value
2025-04-08T17:33:13.711Z [sequelize-project] error: Cannot convert object to primitive value
2025-04-08T17:33:23.731Z [sequelize-project] error: Cannot convert object to primitive value
2025-04-08T17:34:16.940Z [sequelize-project] error: Cannot convert object to primitive value
2025-04-08T17:34:28.622Z [sequelize-project] error: Cannot convert object to primitive value
2025-04-08T17:34:36.888Z [sequelize-project] error: Cannot convert object to primitive value
2025-04-08T17:36:08.726Z [sequelize-project] error: Cannot convert object to primitive value
2025-04-08T17:40:24.196Z [sequelize-project] error: Cannot convert object to primitive value
2025-04-08T17:41:47.909Z [sequelize-project] error: Cannot convert object to primitive value
2025-04-08T17:42:32.688Z [sequelize-project] error: Cannot convert object to primitive value
2025-04-08T17:42:38.149Z [sequelize-project] error: Cannot convert object to primitive value
2025-04-08T17:42:41.491Z [sequelize-project] error: Cannot convert object to primitive value
2025-04-08T17:42:43.299Z [sequelize-project] error: Cannot convert object to primitive value
2025-04-08T17:42:45.185Z [sequelize-project] error: Cannot convert object to primitive value
2025-04-08T17:42:47.695Z [sequelize-project] error: Cannot convert object to primitive value
2025-04-08T17:42:50.597Z [sequelize-project] error: Cannot convert object to primitive value
2025-04-08T17:42:52.794Z [sequelize-project] error: Cannot convert object to primitive value
2025-04-08T17:42:55.143Z [sequelize-project] error: Cannot convert object to primitive value
2025-04-08T17:42:58.177Z [sequelize-project] error: Cannot convert object to primitive value
2025-04-08T17:43:00.335Z [sequelize-project] error: Cannot convert object to primitive value
2025-04-08T17:43:02.576Z [sequelize-project] error: Cannot convert object to primitive value
2025-04-08T17:43:04.626Z [sequelize-project] error: Cannot convert object to primitive value
2025-04-08T17:43:07.247Z [sequelize-project] error: Cannot convert object to primitive value
2025-04-08T17:43:09.826Z [sequelize-project] error: Cannot convert object to primitive value
2025-04-08T17:43:12.070Z [sequelize-project] error: Cannot convert object to primitive value
2025-04-08T17:43:13.504Z [sequelize-project] error: Cannot convert object to primitive value
2025-04-08T17:43:15.794Z [sequelize-project] error: Cannot convert object to primitive value
2025-04-08T17:43:17.508Z [sequelize-project] error: Cannot convert object to primitive value
2025-04-08T17:43:22.798Z [sequelize-project] error: Cannot convert object to primitive value
2025-04-08T17:45:34.294Z [sequelize-project] error: Cannot convert object to primitive value
2025-04-08T17:46:17.715Z [sequelize-project] error: safeAdmin is not defined
2025-04-08T18:25:39.917Z [sequelize-project] error: allowRole.include is not a function
2025-04-08T18:25:45.039Z [sequelize-project] error: allowRole.include is not a function
2025-04-08T18:27:14.435Z [sequelize-project] error: ApiError is not defined
2025-04-08T18:52:33.000Z [sequelize-project] error: clientValidation is not a function
2025-04-08T18:54:04.074Z [sequelize-project] error: clientValidation is not a function
2025-04-08T18:55:08.446Z [sequelize-project] error: clientValidation is not a function
2025-04-08T18:57:57.243Z [sequelize-project] error: clientValidation is not a function
2025-04-08T19:11:23.534Z [sequelize-project] error: Owner boshqasiga kirishga ruxsat yo'q
