2025-04-07T03:23:17.183Z [sequelize-project] error: ERROR ma'lumotlari
2025-04-07T04:42:29.741Z [sequelize-project] error: ERROR ma'lumotlari
2025-04-07T04:42:30.936Z [sequelize-project] error: ERROR ma'lumotlari
2025-04-07T04:48:46.828Z [sequelize-project] error: ERROR ma'lumotlari
2025-04-07T04:49:05.896Z [sequelize-project] error: ERROR ma'lumotlari
2025-04-07T04:49:08.718Z [sequelize-project] error: ERROR ma'lumotlari
2025-04-07T04:49:10.783Z [sequelize-project] error: ERROR ma'lumotlari
2025-04-07T04:49:14.041Z [sequelize-project] error: ERROR ma'lumotlari
2025-04-07T04:49:28.315Z [sequelize-project] error: ERROR ma'lumotlari
2025-04-07T04:49:57.128Z [sequelize-project] error: ERROR ma'lumotlari
2025-04-07T04:49:58.209Z [sequelize-project] error: ERROR ma'lumotlari
2025-04-07T04:50:17.362Z [sequelize-project] error: ERROR ma'lumotlari
2025-04-07T04:50:32.618Z [sequelize-project] error: ERROR ma'lumotlari
2025-04-07T04:50:35.745Z [sequelize-project] error: ERROR ma'lumotlari
2025-04-07T04:50:40.888Z [sequelize-project] error: ERROR ma'lumotlari
2025-04-07T04:51:55.339Z [sequelize-project] error: ERROR ma'lumotlari
2025-04-07T04:58:26.288Z [sequelize-project] error: ERROR ma'lumotlari
2025-04-07T05:41:14.419Z [sequelize-project] error: ERROR ma'lumotlari
2025-04-07T05:41:15.406Z [sequelize-project] error: ERROR ma'lumotlari
2025-04-07T05:54:04.336Z [sequelize-project] error: ERROR ma'lumotlari
2025-04-07T05:54:05.300Z [sequelize-project] error: ERROR ma'lumotlari
2025-04-07T06:49:24.711Z [sequelize-project] error: ERROR ma'lumotlari
2025-04-07T06:49:25.822Z [sequelize-project] error: ERROR ma'lumotlari
2025-04-07T06:50:10.944Z [sequelize-project] error: ERROR ma'lumotlari
2025-04-07T06:50:15.251Z [sequelize-project] error: ERROR ma'lumotlari
2025-04-07T06:50:37.592Z [sequelize-project] error: ERROR ma'lumotlari
2025-04-07T06:50:42.200Z [sequelize-project] error: ERROR ma'lumotlari
2025-04-07T06:51:37.942Z [sequelize-project] error: ERROR ma'lumotlari
2025-04-07T06:51:39.060Z [sequelize-project] error: ERROR ma'lumotlari
2025-04-07T06:51:44.694Z [sequelize-project] error: ERROR ma'lumotlari
2025-04-07T06:56:30.154Z [sequelize-project] error: ERROR ma'lumotlari
2025-04-07T06:56:31.290Z [sequelize-project] error: ERROR ma'lumotlari
2025-04-07T06:58:27.719Z [sequelize-project] error: ERROR ma'lumotlari
2025-04-07T06:59:04.912Z [sequelize-project] error: ERROR ma'lumotlari
2025-04-07T06:59:12.025Z [sequelize-project] error: Newadmin is not defined
2025-04-07T06:59:41.508Z [sequelize-project] error: ERROR ma'lumotlari
2025-04-07T07:00:22.756Z [sequelize-project] error: Invalid login: 535-5.7.8 Username and Password not accepted. For more information, go to
535 5.7.8  https://support.google.com/mail/?p=BadCredentials 4fb4d7f45d1cf-5f087f08abasm6540762a12.40 - gsmtp
2025-04-07T07:04:05.068Z [sequelize-project] error: Invalid login: 535-5.7.8 Username and Password not accepted. For more information, go to
535 5.7.8  https://support.google.com/mail/?p=BadCredentials a640c23a62f3a-ac7bfe5c5c5sm691107266b.29 - gsmtp
2025-04-07T07:25:47.576Z [sequelize-project] error: ERROR ma'lumotlari
2025-04-07T07:26:28.430Z [sequelize-project] error: ERROR ma'lumotlari
2025-04-07T07:26:30.138Z [sequelize-project] error: ERROR ma'lumotlari
2025-04-07T07:31:16.012Z [sequelize-project] error: ERROR ma'lumotlari
2025-04-07T07:31:18.798Z [sequelize-project] error: ERROR ma'lumotlari
2025-04-07T07:34:24.024Z [sequelize-project] error: ERROR ma'lumotlari
2025-04-07T07:37:25.846Z [sequelize-project] error: ERROR ma'lumotlari
2025-04-07T07:37:35.671Z [sequelize-project] error: ERROR ma'lumotlari
2025-04-07T07:37:38.467Z [sequelize-project] error: ERROR ma'lumotlari
2025-04-07T07:38:06.738Z [sequelize-project] error: ERROR ma'lumotlari
2025-04-07T07:38:09.103Z [sequelize-project] error: ERROR ma'lumotlari
2025-04-07T07:38:12.647Z [sequelize-project] error: ERROR ma'lumotlari
2025-04-07T07:38:23.421Z [sequelize-project] error: ERROR ma'lumotlari
2025-04-07T07:38:24.504Z [sequelize-project] error: ERROR ma'lumotlari
2025-04-07T07:38:47.353Z [sequelize-project] error: ERROR ma'lumotlari
2025-04-07T07:38:48.414Z [sequelize-project] error: ERROR ma'lumotlari
2025-04-07T07:39:11.462Z [sequelize-project] error: ERROR ma'lumotlari
2025-04-07T07:39:31.564Z [sequelize-project] error: ERROR ma'lumotlari
2025-04-07T07:39:45.760Z [sequelize-project] error: ERROR ma'lumotlari
2025-04-07T07:39:49.357Z [sequelize-project] error: ERROR ma'lumotlari
2025-04-07T07:40:05.787Z [sequelize-project] error: ERROR ma'lumotlari
2025-04-07T07:40:34.756Z [sequelize-project] error: ERROR ma'lumotlari
2025-04-07T07:42:45.244Z [sequelize-project] error: ERROR ma'lumotlari
2025-04-07T07:42:46.751Z [sequelize-project] error: ERROR ma'lumotlari
2025-04-07T07:43:47.084Z [sequelize-project] error: ERROR ma'lumotlari
2025-04-07T07:43:51.153Z [sequelize-project] error: ERROR ma'lumotlari
2025-04-07T07:43:55.590Z [sequelize-project] error: ERROR ma'lumotlari
2025-04-07T10:43:57.275Z [sequelize-project] error: ERROR ma'lumotlari
2025-04-07T10:43:58.979Z [sequelize-project] error: ERROR ma'lumotlari
2025-04-07T10:46:38.556Z [sequelize-project] error: ERROR ma'lumotlari
2025-04-07T10:48:00.518Z [sequelize-project] error: ERROR ma'lumotlari
2025-04-07T10:50:03.378Z [sequelize-project] error: jwt malformed
2025-04-07T10:52:34.043Z [sequelize-project] error: column clients.activation_link does not exist
2025-04-07T10:54:19.627Z [sequelize-project] error: ERROR ma'lumotlari
2025-04-07T10:57:33.631Z [sequelize-project] error: ERROR ma'lumotlari
2025-04-07T11:00:49.966Z [sequelize-project] error: owner is not defined
2025-04-07T11:16:03.888Z [sequelize-project] error: ERROR ma'lumotlari
2025-04-07T11:16:10.148Z [sequelize-project] error: ERROR ma'lumotlari
2025-04-07T11:32:22.034Z [sequelize-project] error: ERROR ma'lumotlari
2025-04-07T11:32:23.323Z [sequelize-project] error: ERROR ma'lumotlari
2025-04-07T16:38:22.633Z [sequelize-project] error: ERROR ma'lumotlari
2025-04-07T16:38:23.464Z [sequelize-project] error: ERROR ma'lumotlari
2025-04-08T02:11:41.684Z [sequelize-project] error: ERROR ma'lumotlari
2025-04-08T02:11:42.791Z [sequelize-project] error: ERROR ma'lumotlari
2025-04-08T02:13:30.608Z [sequelize-project] error: ERROR ma'lumotlari
2025-04-08T02:13:41.690Z [sequelize-project] error: ERROR ma'lumotlari
2025-04-08T02:13:43.277Z [sequelize-project] error: ERROR ma'lumotlari
2025-04-08T02:13:54.422Z [sequelize-project] error: ERROR ma'lumotlari
2025-04-08T02:14:33.668Z [sequelize-project] error: ERROR ma'lumotlari
2025-04-08T02:14:36.281Z [sequelize-project] error: ERROR ma'lumotlari
2025-04-08T02:14:43.832Z [sequelize-project] error: ERROR ma'lumotlari
2025-04-08T02:16:31.962Z [sequelize-project] error: ERROR ma'lumotlari
2025-04-08T02:18:28.892Z [sequelize-project] error: ERROR ma'lumotlari
2025-04-08T02:18:31.330Z [sequelize-project] error: ERROR ma'lumotlari
2025-04-08T02:18:41.064Z [sequelize-project] error: ERROR ma'lumotlari
2025-04-08T02:18:47.787Z [sequelize-project] error: ERROR ma'lumotlari
2025-04-08T02:18:56.284Z [sequelize-project] error: ERROR ma'lumotlari
2025-04-08T02:19:14.927Z [sequelize-project] error: ERROR ma'lumotlari
2025-04-08T02:19:23.469Z [sequelize-project] error: ERROR ma'lumotlari
2025-04-08T02:19:25.319Z [sequelize-project] error: ERROR ma'lumotlari
2025-04-08T02:19:27.075Z [sequelize-project] error: ERROR ma'lumotlari
2025-04-08T02:20:53.044Z [sequelize-project] error: ERROR ma'lumotlari
2025-04-08T02:23:34.897Z [sequelize-project] error: ERROR ma'lumotlari
2025-04-08T02:23:44.644Z [sequelize-project] error: ERROR ma'lumotlari
2025-04-08T02:24:00.531Z [sequelize-project] error: ERROR ma'lumotlari
2025-04-08T02:24:03.202Z [sequelize-project] error: ERROR ma'lumotlari
2025-04-08T02:24:07.385Z [sequelize-project] error: ERROR ma'lumotlari
2025-04-08T02:24:10.508Z [sequelize-project] error: ERROR ma'lumotlari
2025-04-08T02:24:15.851Z [sequelize-project] error: Cannot access 'authorization' before initialization
2025-04-08T02:24:25.551Z [sequelize-project] error: ERROR ma'lumotlari
2025-04-08T02:27:25.873Z [sequelize-project] error: ERROR ma'lumotlari
2025-04-08T02:27:39.555Z [sequelize-project] error: ERROR ma'lumotlari
2025-04-08T02:27:45.176Z [sequelize-project] error: ERROR ma'lumotlari
2025-04-08T02:30:22.175Z [sequelize-project] error: ERROR ma'lumotlari
2025-04-08T02:40:12.746Z [sequelize-project] error: ERROR ma'lumotlari
2025-04-08T02:44:43.054Z [sequelize-project] error: ERROR ma'lumotlari
2025-04-08T03:06:10.082Z [sequelize-project] error: ERROR ma'lumotlari
2025-04-08T03:06:11.153Z [sequelize-project] error: ERROR ma'lumotlari
2025-04-08T03:11:34.726Z [sequelize-project] error: ERROR ma'lumotlari
2025-04-08T03:11:35.771Z [sequelize-project] error: ERROR ma'lumotlari
2025-04-08T03:12:08.503Z [sequelize-project] error: ERROR ma'lumotlari
2025-04-08T03:12:09.523Z [sequelize-project] error: ERROR ma'lumotlari
2025-04-08T03:12:13.080Z [sequelize-project] error: ERROR ma'lumotlari
2025-04-08T03:12:20.746Z [sequelize-project] error: ERROR ma'lumotlari
2025-04-08T03:12:30.142Z [sequelize-project] error: ERROR ma'lumotlari
2025-04-08T03:12:48.715Z [sequelize-project] error: ERROR ma'lumotlari
2025-04-08T03:13:01.220Z [sequelize-project] error: ERROR ma'lumotlari
2025-04-08T03:13:03.790Z [sequelize-project] error: ERROR ma'lumotlari
2025-04-08T03:13:11.608Z [sequelize-project] error: ERROR ma'lumotlari
2025-04-08T03:13:37.281Z [sequelize-project] error: ERROR ma'lumotlari
2025-04-08T03:13:49.704Z [sequelize-project] error: ERROR ma'lumotlari
2025-04-08T03:13:51.131Z [sequelize-project] error: ERROR ma'lumotlari
2025-04-08T03:14:29.946Z [sequelize-project] error: ERROR ma'lumotlari
2025-04-08T03:14:31.061Z [sequelize-project] error: ERROR ma'lumotlari
2025-04-08T03:19:29.580Z [sequelize-project] error: ERROR ma'lumotlari
2025-04-08T03:22:59.386Z [sequelize-project] error: ERROR ma'lumotlari
2025-04-08T03:23:13.210Z [sequelize-project] error: ERROR ma'lumotlari
2025-04-08T03:28:24.856Z [sequelize-project] error: ERROR ma'lumotlari
2025-04-08T03:28:53.148Z [sequelize-project] error: ERROR ma'lumotlari
2025-04-08T03:29:39.109Z [sequelize-project] error: ERROR ma'lumotlari
2025-04-08T03:29:42.441Z [sequelize-project] error: ERROR ma'lumotlari
2025-04-08T03:30:28.460Z [sequelize-project] error: ERROR ma'lumotlari
2025-04-08T03:30:30.805Z [sequelize-project] error: ERROR ma'lumotlari
2025-04-08T03:31:21.374Z [sequelize-project] error: ERROR ma'lumotlari
2025-04-08T03:31:24.707Z [sequelize-project] error: ERROR ma'lumotlari
2025-04-08T03:31:34.073Z [sequelize-project] error: ERROR ma'lumotlari
2025-04-08T03:31:46.556Z [sequelize-project] error: ERROR ma'lumotlari
2025-04-08T03:32:02.443Z [sequelize-project] error: ERROR ma'lumotlari
2025-04-08T03:32:07.874Z [sequelize-project] error: ERROR ma'lumotlari
2025-04-08T03:32:14.545Z [sequelize-project] error: ERROR ma'lumotlari
2025-04-08T03:32:15.577Z [sequelize-project] error: ERROR ma'lumotlari
2025-04-08T03:32:41.033Z [sequelize-project] error: ERROR ma'lumotlari
2025-04-08T03:32:59.533Z [sequelize-project] error: ERROR ma'lumotlari
2025-04-08T03:36:38.164Z [sequelize-project] error: ERROR ma'lumotlari
2025-04-08T03:36:39.871Z [sequelize-project] error: ERROR ma'lumotlari
2025-04-08T03:37:13.952Z [sequelize-project] error: ERROR ma'lumotlari
2025-04-08T03:37:22.136Z [sequelize-project] error: ERROR ma'lumotlari
2025-04-08T03:39:03.956Z [sequelize-project] error: ERROR ma'lumotlari
2025-04-08T03:39:56.494Z [sequelize-project] error: ERROR ma'lumotlari
2025-04-08T03:40:25.876Z [sequelize-project] error: ERROR ma'lumotlari
2025-04-08T03:40:27.018Z [sequelize-project] error: ERROR ma'lumotlari
2025-04-08T03:40:36.070Z [sequelize-project] error: ERROR ma'lumotlari
2025-04-08T03:40:43.073Z [sequelize-project] error: ERROR ma'lumotlari
2025-04-08T03:40:50.834Z [sequelize-project] error: ERROR ma'lumotlari
2025-04-08T03:41:00.858Z [sequelize-project] error: ERROR ma'lumotlari
2025-04-08T03:41:03.956Z [sequelize-project] error: ERROR ma'lumotlari
2025-04-08T03:41:11.300Z [sequelize-project] error: ERROR ma'lumotlari
2025-04-08T03:41:53.892Z [sequelize-project] error: ERROR ma'lumotlari
2025-04-08T03:42:48.679Z [sequelize-project] error: ERROR ma'lumotlari
2025-04-08T03:49:48.261Z [sequelize-project] error: ERROR ma'lumotlari
2025-04-08T03:50:28.390Z [sequelize-project] error: ERROR ma'lumotlari
2025-04-08T03:51:23.548Z [sequelize-project] error: ERROR ma'lumotlari
2025-04-08T03:52:40.293Z [sequelize-project] error: value too long for type character varying(255)
2025-04-08T03:53:08.320Z [sequelize-project] error: ERROR ma'lumotlari
2025-04-08T03:53:10.444Z [sequelize-project] error: ERROR ma'lumotlari
2025-04-08T03:55:00.962Z [sequelize-project] error: ERROR ma'lumotlari
2025-04-08T04:14:15.830Z [sequelize-project] error: ERROR ma'lumotlari
2025-04-08T04:14:17.114Z [sequelize-project] error: ERROR ma'lumotlari
2025-04-08T04:14:32.243Z [sequelize-project] error: jwtService.generateTokens is not a function
2025-04-08T04:18:31.041Z [sequelize-project] error: ERROR ma'lumotlari
2025-04-08T04:18:32.073Z [sequelize-project] error: ERROR ma'lumotlari
2025-04-08T04:18:38.608Z [sequelize-project] error: ERROR ma'lumotlari
2025-04-08T04:18:45.637Z [sequelize-project] error: ERROR ma'lumotlari
2025-04-08T04:18:48.687Z [sequelize-project] error: ERROR ma'lumotlari
2025-04-08T04:19:09.814Z [sequelize-project] error: ERROR ma'lumotlari
2025-04-08T04:19:12.465Z [sequelize-project] error: ERROR ma'lumotlari
2025-04-08T04:19:16.769Z [sequelize-project] error: ERROR ma'lumotlari
2025-04-08T04:19:41.455Z [sequelize-project] error: ERROR ma'lumotlari
2025-04-08T04:19:42.408Z [sequelize-project] error: ERROR ma'lumotlari
2025-04-08T04:19:45.578Z [sequelize-project] error: ERROR ma'lumotlari
2025-04-08T04:20:18.819Z [sequelize-project] error: ERROR ma'lumotlari
2025-04-08T04:20:22.575Z [sequelize-project] error: ERROR ma'lumotlari
2025-04-08T04:20:23.532Z [sequelize-project] error: ERROR ma'lumotlari
2025-04-08T04:20:35.804Z [sequelize-project] error: jwtService.generateTokens is not a function
2025-04-08T04:20:37.492Z [sequelize-project] error: jwtService.generateTokens is not a function
2025-04-08T04:21:53.827Z [sequelize-project] error: ERROR ma'lumotlari
2025-04-08T04:22:12.451Z [sequelize-project] error: ERROR ma'lumotlari
2025-04-08T04:22:16.844Z [sequelize-project] error: ERROR ma'lumotlari
2025-04-08T04:22:18.780Z [sequelize-project] error: ERROR ma'lumotlari
2025-04-08T04:22:21.506Z [sequelize-project] error: ERROR ma'lumotlari
2025-04-08T04:22:43.061Z [sequelize-project] error: ERROR ma'lumotlari
2025-04-08T04:22:48.383Z [sequelize-project] error: ERROR ma'lumotlari
2025-04-08T04:23:17.318Z [sequelize-project] error: ERROR ma'lumotlari
2025-04-08T04:23:18.343Z [sequelize-project] error: ERROR ma'lumotlari
2025-04-08T04:23:51.920Z [sequelize-project] error: JwtService.generateTokens is not a function
2025-04-08T04:39:19.147Z [sequelize-project] error: ERROR ma'lumotlari
2025-04-08T04:42:43.402Z [sequelize-project] error: ERROR ma'lumotlari
2025-04-08T04:42:44.580Z [sequelize-project] error: ERROR ma'lumotlari
2025-04-08T04:42:58.304Z [sequelize-project] error: ERROR ma'lumotlari
2025-04-08T04:43:08.291Z [sequelize-project] error: ERROR ma'lumotlari
2025-04-08T04:43:10.525Z [sequelize-project] error: ERROR ma'lumotlari
2025-04-08T04:43:13.041Z [sequelize-project] error: ERROR ma'lumotlari
2025-04-08T04:43:16.862Z [sequelize-project] error: ERROR ma'lumotlari
2025-04-08T04:43:29.512Z [sequelize-project] error: ERROR ma'lumotlari
2025-04-08T04:43:31.672Z [sequelize-project] error: ERROR ma'lumotlari
2025-04-08T04:43:45.844Z [sequelize-project] error: ERROR ma'lumotlari
2025-04-08T04:43:51.198Z [sequelize-project] error: ERROR ma'lumotlari
2025-04-08T04:43:58.087Z [sequelize-project] error: ERROR ma'lumotlari
2025-04-08T04:44:22.711Z [sequelize-project] error: Configuration property "tokenKey" is not defined
2025-04-08T04:47:58.771Z [sequelize-project] error: ERROR ma'lumotlari
2025-04-08T04:48:04.151Z [sequelize-project] error: invalid signature
2025-04-08T04:48:35.713Z [sequelize-project] error: invalid signature
2025-04-08T04:50:29.321Z [sequelize-project] error: invalid signature
2025-04-08T04:50:35.602Z [sequelize-project] error: invalid signature
2025-04-08T04:51:38.441Z [sequelize-project] error: invalid signature
2025-04-08T04:51:52.773Z [sequelize-project] error: invalid signature
2025-04-08T04:52:02.175Z [sequelize-project] error: invalid signature
2025-04-08T04:53:19.578Z [sequelize-project] error: invalid signature
2025-04-08T04:57:17.326Z [sequelize-project] error: ERROR ma'lumotlari
2025-04-08T04:57:18.569Z [sequelize-project] error: ERROR ma'lumotlari
2025-04-08T04:57:38.020Z [sequelize-project] error: ERROR ma'lumotlari
2025-04-08T05:14:53.951Z [sequelize-project] error: ERROR ma'lumotlari
2025-04-08T05:14:55.000Z [sequelize-project] error: ERROR ma'lumotlari
2025-04-08T05:31:27.499Z [sequelize-project] error: data and hash arguments required
2025-04-08T05:33:21.443Z [sequelize-project] error: Faqat super admin ruxsat etiladi
2025-04-08T05:35:02.726Z [sequelize-project] error: ERROR ma'lumotlari
2025-04-08T06:25:11.317Z [sequelize-project] error: ERROR ma'lumotlari
2025-04-08T06:25:12.537Z [sequelize-project] error: ERROR ma'lumotlari
2025-04-08T07:20:57.797Z [sequelize-project] error: ERROR ma'lumotlari
2025-04-08T07:20:58.992Z [sequelize-project] error: ERROR ma'lumotlari
2025-04-08T07:21:01.746Z [sequelize-project] error: ERROR ma'lumotlari
2025-04-08T07:21:12.385Z [sequelize-project] error: ERROR ma'lumotlari
2025-04-08T07:21:13.432Z [sequelize-project] error: ERROR ma'lumotlari
2025-04-08T07:21:27.971Z [sequelize-project] error: ERROR ma'lumotlari
2025-04-08T07:22:42.551Z [sequelize-project] error: Siz faqat o‘zingizning ma'lumotlaringizga ruxsatingiz bor.
2025-04-08T07:24:05.525Z [sequelize-project] error: ERROR ma'lumotlari
2025-04-08T07:25:18.270Z [sequelize-project] error: Siz faqat o‘zingizning ma'lumotlaringizga ruxsatingiz bor.
2025-04-08T07:25:28.396Z [sequelize-project] error: Siz faqat o‘zingizning ma'lumotlaringizga ruxsatingiz bor.
2025-04-08T07:25:38.116Z [sequelize-project] error: Siz faqat o‘zingizning ma'lumotlaringizga ruxsatingiz bor.
2025-04-08T07:25:39.578Z [sequelize-project] error: Siz faqat o‘zingizning ma'lumotlaringizga ruxsatingiz bor.
2025-04-08T11:24:59.828Z [sequelize-project] error: Siz faqat o‘zingizning ma'lumotlaringizga ruxsatingiz bor.
2025-04-08T11:29:03.616Z [sequelize-project] error: ERROR ma'lumotlari
2025-04-08T11:29:04.465Z [sequelize-project] error: ERROR ma'lumotlari
2025-04-08T11:31:50.582Z [sequelize-project] error: Siz faqat o‘zingizning ma'lumotlaringizga ruxsatingiz bor.
2025-04-08T11:38:13.706Z [sequelize-project] error: ERROR ma'lumotlari
2025-04-08T11:39:21.048Z [sequelize-project] error: ERROR ma'lumotlari
2025-04-08T11:39:22.857Z [sequelize-project] error: ERROR ma'lumotlari
2025-04-08T11:39:26.536Z [sequelize-project] error: ERROR ma'lumotlari
2025-04-08T11:39:49.724Z [sequelize-project] error: ERROR ma'lumotlari
2025-04-08T11:40:57.941Z [sequelize-project] error: ERROR ma'lumotlari
2025-04-08T11:40:59.548Z [sequelize-project] error: ERROR ma'lumotlari
2025-04-08T11:41:01.047Z [sequelize-project] error: ERROR ma'lumotlari
2025-04-08T11:41:02.642Z [sequelize-project] error: ERROR ma'lumotlari
2025-04-08T11:41:09.517Z [sequelize-project] error: ERROR ma'lumotlari
2025-04-08T11:41:23.309Z [sequelize-project] error: ERROR ma'lumotlari
2025-04-08T11:41:26.748Z [sequelize-project] error: ERROR ma'lumotlari
2025-04-08T11:48:47.354Z [sequelize-project] error: ERROR ma'lumotlari
2025-04-08T11:48:50.226Z [sequelize-project] error: ERROR ma'lumotlari
2025-04-08T11:48:53.546Z [sequelize-project] error: ERROR ma'lumotlari
2025-04-08T11:48:56.063Z [sequelize-project] error: ERROR ma'lumotlari
2025-04-08T11:49:38.403Z [sequelize-project] error: ERROR ma'lumotlari
2025-04-08T11:49:51.995Z [sequelize-project] error: ERROR ma'lumotlari
2025-04-08T11:50:07.276Z [sequelize-project] error: ERROR ma'lumotlari
2025-04-08T11:52:30.544Z [sequelize-project] error: ERROR ma'lumotlari
2025-04-08T11:53:13.551Z [sequelize-project] error: ERROR ma'lumotlari
2025-04-08T11:53:16.504Z [sequelize-project] error: ERROR ma'lumotlari
2025-04-08T11:53:18.244Z [sequelize-project] error: ERROR ma'lumotlari
2025-04-08T11:53:19.982Z [sequelize-project] error: ERROR ma'lumotlari
2025-04-08T11:53:23.118Z [sequelize-project] error: ERROR ma'lumotlari
2025-04-08T11:55:13.388Z [sequelize-project] error: ERROR ma'lumotlari
2025-04-08T11:56:12.584Z [sequelize-project] error: invalid signature
2025-04-08T11:57:00.098Z [sequelize-project] error: invalid signature
2025-04-08T11:57:13.879Z [sequelize-project] error: invalid signature
2025-04-08T11:59:01.473Z [sequelize-project] error: ERROR ma'lumotlari
2025-04-08T11:59:02.501Z [sequelize-project] error: ERROR ma'lumotlari
2025-04-08T11:59:08.325Z [sequelize-project] error: ERROR ma'lumotlari
2025-04-08T11:59:26.890Z [sequelize-project] error: invalid signature
2025-04-08T11:59:28.492Z [sequelize-project] error: invalid signature
2025-04-08T12:00:28.822Z [sequelize-project] error: ERROR ma'lumotlari
2025-04-08T12:00:34.639Z [sequelize-project] error: ERROR ma'lumotlari
2025-04-08T12:00:40.128Z [sequelize-project] error: ERROR ma'lumotlari
2025-04-08T12:00:41.584Z [sequelize-project] error: ERROR ma'lumotlari
2025-04-08T12:00:56.094Z [sequelize-project] error: ERROR ma'lumotlari
2025-04-08T12:14:14.923Z [sequelize-project] error: ERROR ma'lumotlari
2025-04-08T12:14:20.012Z [sequelize-project] error: ERROR ma'lumotlari
2025-04-08T12:14:54.815Z [sequelize-project] error: ERROR ma'lumotlari
2025-04-08T12:15:16.939Z [sequelize-project] error: ERROR ma'lumotlari
2025-04-08T12:15:40.584Z [sequelize-project] error: ERROR ma'lumotlari
2025-04-08T12:16:27.766Z [sequelize-project] error: Faqat super admin ruxsat etiladi.
2025-04-08T12:23:49.111Z [sequelize-project] error: Faqat super admin ruxsat etiladi.
2025-04-08T12:24:32.965Z [sequelize-project] error: ERROR ma'lumotlari
2025-04-08T12:24:50.432Z [sequelize-project] error: ERROR ma'lumotlari
2025-04-08T12:25:20.109Z [sequelize-project] error: Expected double-quoted property name in JSON at position 57 (line 4 column 1)
2025-04-08T12:28:48.178Z [sequelize-project] error: ERROR ma'lumotlari
2025-04-08T12:28:50.768Z [sequelize-project] error: ERROR ma'lumotlari
2025-04-08T12:28:51.848Z [sequelize-project] error: ERROR ma'lumotlari
2025-04-08T12:29:16.352Z [sequelize-project] error: ERROR ma'lumotlari
2025-04-08T12:29:17.204Z [sequelize-project] error: ERROR ma'lumotlari
2025-04-08T12:31:51.510Z [sequelize-project] error: ERROR ma'lumotlari
2025-04-08T12:32:40.222Z [sequelize-project] error: ERROR ma'lumotlari
2025-04-08T12:33:13.852Z [sequelize-project] error: ERROR ma'lumotlari
2025-04-08T12:33:22.943Z [sequelize-project] error: ERROR ma'lumotlari
2025-04-08T12:33:24.098Z [sequelize-project] error: ERROR ma'lumotlari
2025-04-08T12:33:45.827Z [sequelize-project] error: ERROR ma'lumotlari
2025-04-08T12:33:47.149Z [sequelize-project] error: ERROR ma'lumotlari
2025-04-08T12:33:57.522Z [sequelize-project] error: ERROR ma'lumotlari
2025-04-08T12:35:31.032Z [sequelize-project] error: ERROR ma'lumotlari
2025-04-08T12:35:42.063Z [sequelize-project] error: ERROR ma'lumotlari
2025-04-08T12:35:59.652Z [sequelize-project] error: Cannot read properties of undefined (reading 'role')
2025-04-08T12:37:27.392Z [sequelize-project] error: ERROR ma'lumotlari
2025-04-08T12:38:03.971Z [sequelize-project] error: ERROR ma'lumotlari
2025-04-08T12:38:05.263Z [sequelize-project] error: ERROR ma'lumotlari
2025-04-08T12:38:06.599Z [sequelize-project] error: ERROR ma'lumotlari
2025-04-08T12:39:00.997Z [sequelize-project] error: ERROR ma'lumotlari
2025-04-08T12:39:53.172Z [sequelize-project] error: ERROR ma'lumotlari
2025-04-08T12:39:55.491Z [sequelize-project] error: ERROR ma'lumotlari
2025-04-08T12:39:57.309Z [sequelize-project] error: ERROR ma'lumotlari
2025-04-08T12:40:04.501Z [sequelize-project] error: ERROR ma'lumotlari
2025-04-08T12:40:47.884Z [sequelize-project] error: ERROR ma'lumotlari
2025-04-08T12:41:08.930Z [sequelize-project] error: ERROR ma'lumotlari
2025-04-08T12:41:20.936Z [sequelize-project] error: ERROR ma'lumotlari
2025-04-08T12:41:30.154Z [sequelize-project] error: ERROR ma'lumotlari
2025-04-08T12:42:19.330Z [sequelize-project] error: ERROR ma'lumotlari
2025-04-08T12:42:24.253Z [sequelize-project] error: ERROR ma'lumotlari
2025-04-08T12:42:28.650Z [sequelize-project] error: ERROR ma'lumotlari
2025-04-08T12:42:40.573Z [sequelize-project] error: ERROR ma'lumotlari
2025-04-08T12:42:51.085Z [sequelize-project] error: ERROR ma'lumotlari
2025-04-08T12:55:28.275Z [sequelize-project] error: ERROR ma'lumotlari
2025-04-08T12:55:29.089Z [sequelize-project] error: ERROR ma'lumotlari
2025-04-08T12:55:33.392Z [sequelize-project] error: ERROR ma'lumotlari
2025-04-08T12:55:37.607Z [sequelize-project] error: ERROR ma'lumotlari
2025-04-08T12:56:03.460Z [sequelize-project] error: ERROR ma'lumotlari
2025-04-08T12:56:10.886Z [sequelize-project] error: ERROR ma'lumotlari
2025-04-08T12:56:13.917Z [sequelize-project] error: ERROR ma'lumotlari
2025-04-08T12:56:19.246Z [sequelize-project] error: ERROR ma'lumotlari
2025-04-08T12:56:22.170Z [sequelize-project] error: ERROR ma'lumotlari
2025-04-08T12:56:44.124Z [sequelize-project] error: ERROR ma'lumotlari
2025-04-08T12:56:53.161Z [sequelize-project] error: ERROR ma'lumotlari
2025-04-08T12:56:57.317Z [sequelize-project] error: ERROR ma'lumotlari
2025-04-08T12:56:59.110Z [sequelize-project] error: ERROR ma'lumotlari
2025-04-08T12:57:21.632Z [sequelize-project] error: ERROR ma'lumotlari
2025-04-08T12:57:36.777Z [sequelize-project] error: ERROR ma'lumotlari
2025-04-08T12:58:27.185Z [sequelize-project] error: Cannot read properties of undefined (reading 'role')
2025-04-08T13:04:57.239Z [sequelize-project] error: Cannot read properties of undefined (reading 'role')
2025-04-08T13:11:02.197Z [sequelize-project] error: Admin boshqasiga kirishga ruxsat yo'q
2025-04-08T13:12:13.734Z [sequelize-project] error: Admin boshqasiga kirishga ruxsat yo'q
2025-04-08T13:13:24.874Z [sequelize-project] error: Cannot read properties of undefined (reading 'is_creater')
2025-04-08T13:15:57.199Z [sequelize-project] error: Cannot read properties of undefined (reading 'role')
2025-04-08T13:18:29.832Z [sequelize-project] error: Cannot read properties of undefined (reading 'role')
2025-04-08T13:19:22.804Z [sequelize-project] error: Cannot read properties of undefined (reading 'role')
2025-04-08T16:58:27.907Z [sequelize-project] error: Owner boshqasiga kirishga ruxsat yo'q
2025-04-08T17:10:15.942Z [sequelize-project] error: Cannot read properties of undefined (reading 'role')
2025-04-08T17:11:21.778Z [sequelize-project] error: Cannot read properties of undefined (reading 'role')
2025-04-08T17:11:27.608Z [sequelize-project] error: Cannot read properties of undefined (reading 'role')
2025-04-08T17:11:28.979Z [sequelize-project] error: Cannot read properties of undefined (reading 'role')
2025-04-08T17:14:15.341Z [sequelize-project] error: Cannot read properties of undefined (reading 'role')
2025-04-08T17:33:06.703Z [sequelize-project] error: Cannot convert object to primitive value
2025-04-08T17:33:12.553Z [sequelize-project] error: Cannot convert object to primitive value
2025-04-08T17:33:13.711Z [sequelize-project] error: Cannot convert object to primitive value
2025-04-08T17:33:23.731Z [sequelize-project] error: Cannot convert object to primitive value
2025-04-08T17:34:16.940Z [sequelize-project] error: Cannot convert object to primitive value
2025-04-08T17:34:28.622Z [sequelize-project] error: Cannot convert object to primitive value
2025-04-08T17:34:36.888Z [sequelize-project] error: Cannot convert object to primitive value
2025-04-08T17:36:08.726Z [sequelize-project] error: Cannot convert object to primitive value
2025-04-08T17:40:24.196Z [sequelize-project] error: Cannot convert object to primitive value
2025-04-08T17:41:47.909Z [sequelize-project] error: Cannot convert object to primitive value
2025-04-08T17:42:32.688Z [sequelize-project] error: Cannot convert object to primitive value
2025-04-08T17:42:38.149Z [sequelize-project] error: Cannot convert object to primitive value
2025-04-08T17:42:41.491Z [sequelize-project] error: Cannot convert object to primitive value
2025-04-08T17:42:43.299Z [sequelize-project] error: Cannot convert object to primitive value
2025-04-08T17:42:45.185Z [sequelize-project] error: Cannot convert object to primitive value
2025-04-08T17:42:47.695Z [sequelize-project] error: Cannot convert object to primitive value
2025-04-08T17:42:50.597Z [sequelize-project] error: Cannot convert object to primitive value
2025-04-08T17:42:52.794Z [sequelize-project] error: Cannot convert object to primitive value
2025-04-08T17:42:55.143Z [sequelize-project] error: Cannot convert object to primitive value
2025-04-08T17:42:58.177Z [sequelize-project] error: Cannot convert object to primitive value
2025-04-08T17:43:00.335Z [sequelize-project] error: Cannot convert object to primitive value
2025-04-08T17:43:02.576Z [sequelize-project] error: Cannot convert object to primitive value
2025-04-08T17:43:04.626Z [sequelize-project] error: Cannot convert object to primitive value
2025-04-08T17:43:07.247Z [sequelize-project] error: Cannot convert object to primitive value
2025-04-08T17:43:09.826Z [sequelize-project] error: Cannot convert object to primitive value
2025-04-08T17:43:12.070Z [sequelize-project] error: Cannot convert object to primitive value
2025-04-08T17:43:13.504Z [sequelize-project] error: Cannot convert object to primitive value
2025-04-08T17:43:15.794Z [sequelize-project] error: Cannot convert object to primitive value
2025-04-08T17:43:17.508Z [sequelize-project] error: Cannot convert object to primitive value
2025-04-08T17:43:22.798Z [sequelize-project] error: Cannot convert object to primitive value
2025-04-08T17:45:34.294Z [sequelize-project] error: Cannot convert object to primitive value
2025-04-08T17:46:17.715Z [sequelize-project] error: safeAdmin is not defined
2025-04-08T18:25:39.917Z [sequelize-project] error: allowRole.include is not a function
2025-04-08T18:25:45.039Z [sequelize-project] error: allowRole.include is not a function
2025-04-08T18:27:14.435Z [sequelize-project] error: ApiError is not defined
2025-04-08T18:52:33.000Z [sequelize-project] error: clientValidation is not a function
2025-04-08T18:54:04.074Z [sequelize-project] error: clientValidation is not a function
2025-04-08T18:55:08.446Z [sequelize-project] error: clientValidation is not a function
2025-04-08T18:57:57.243Z [sequelize-project] error: clientValidation is not a function
2025-04-08T19:11:23.534Z [sequelize-project] error: Owner boshqasiga kirishga ruxsat yo'q
